[1.033s] Invoking command in '/home/shanj/ros2_ws/src/my_first_package': PYTHONPATH=/home/shanj/ros2_ws/src/build/my_first_package/prefix_override:/usr/lib/python3/dist-packages/colcon_core/task/python/colcon_distutils_commands:/home/shanj/ros2_ws/src/install/my_first_package/lib/python3.10/site-packages:${PYTHONPATH} /usr/bin/python3 -W ignore:setup.py install is deprecated -W ignore:easy_install command is deprecated setup.py egg_info --egg-base ../build/my_first_package build --build-base /home/shanj/ros2_ws/src/build/my_first_package/build install --record /home/shanj/ros2_ws/src/build/my_first_package/install.log --single-version-externally-managed install_data
[1.387s] running egg_info
[1.387s] creating ../build/my_first_package/my_first_package.egg-info
[1.389s] writing ../build/my_first_package/my_first_package.egg-info/PKG-INFO
[1.390s] writing dependency_links to ../build/my_first_package/my_first_package.egg-info/dependency_links.txt
[1.390s] writing entry points to ../build/my_first_package/my_first_package.egg-info/entry_points.txt
[1.391s] writing requirements to ../build/my_first_package/my_first_package.egg-info/requires.txt
[1.391s] writing top-level names to ../build/my_first_package/my_first_package.egg-info/top_level.txt
[1.391s] writing manifest file '../build/my_first_package/my_first_package.egg-info/SOURCES.txt'
[1.392s] reading manifest file '../build/my_first_package/my_first_package.egg-info/SOURCES.txt'
[1.393s] writing manifest file '../build/my_first_package/my_first_package.egg-info/SOURCES.txt'
[1.393s] running build
[1.393s] running build_py
[1.394s] creating /home/shanj/ros2_ws/src/build/my_first_package/build
[1.395s] creating /home/shanj/ros2_ws/src/build/my_first_package/build/lib
[1.396s] creating /home/shanj/ros2_ws/src/build/my_first_package/build/lib/my_first_package
[1.396s] copying my_first_package/__init__.py -> /home/shanj/ros2_ws/src/build/my_first_package/build/lib/my_first_package
[1.397s] running install
[1.398s] running install_lib
[1.399s] creating /home/shanj/ros2_ws/src/install/my_first_package/lib/python3.10/site-packages/my_first_package
[1.400s] copying /home/shanj/ros2_ws/src/build/my_first_package/build/lib/my_first_package/__init__.py -> /home/shanj/ros2_ws/src/install/my_first_package/lib/python3.10/site-packages/my_first_package
[1.401s] byte-compiling /home/shanj/ros2_ws/src/install/my_first_package/lib/python3.10/site-packages/my_first_package/__init__.py to __init__.cpython-310.pyc
[1.402s] running install_data
[1.402s] creating /home/shanj/ros2_ws/src/install/my_first_package/share/ament_index
[1.403s] creating /home/shanj/ros2_ws/src/install/my_first_package/share/ament_index/resource_index
[1.404s] creating /home/shanj/ros2_ws/src/install/my_first_package/share/ament_index/resource_index/packages
[1.406s] copying resource/my_first_package -> /home/shanj/ros2_ws/src/install/my_first_package/share/ament_index/resource_index/packages
[1.406s] copying package.xml -> /home/shanj/ros2_ws/src/install/my_first_package/share/my_first_package
[1.406s] running install_egg_info
[1.408s] Copying ../build/my_first_package/my_first_package.egg-info to /home/shanj/ros2_ws/src/install/my_first_package/lib/python3.10/site-packages/my_first_package-0.0.0-py3.10.egg-info
[1.411s] running install_scripts
[1.437s] writing list of installed files to '/home/shanj/ros2_ws/src/build/my_first_package/install.log'
[1.487s] Invoked command in '/home/shanj/ros2_ws/src/my_first_package' returned '0': PYTHONPATH=/home/shanj/ros2_ws/src/build/my_first_package/prefix_override:/usr/lib/python3/dist-packages/colcon_core/task/python/colcon_distutils_commands:/home/shanj/ros2_ws/src/install/my_first_package/lib/python3.10/site-packages:${PYTHONPATH} /usr/bin/python3 -W ignore:setup.py install is deprecated -W ignore:easy_install command is deprecated setup.py egg_info --egg-base ../build/my_first_package build --build-base /home/shanj/ros2_ws/src/build/my_first_package/build install --record /home/shanj/ros2_ws/src/build/my_first_package/install.log --single-version-externally-managed install_data
