[0.980s] Invoking command in '/home/shanj/ros2_ws/src/my_robot_controller': PYTHONPATH=/home/shanj/ros2_ws/build/my_robot_controller/prefix_override:/usr/lib/python3/dist-packages/colcon_core/task/python/colcon_distutils_commands:/home/shanj/ros2_ws/install/my_robot_controller/lib/python3.10/site-packages:${PYTHONPATH} /usr/bin/python3 -W ignore:setup.py install is deprecated -W ignore:easy_install command is deprecated setup.py egg_info --egg-base ../../build/my_robot_controller build --build-base /home/shanj/ros2_ws/build/my_robot_controller/build install --record /home/shanj/ros2_ws/build/my_robot_controller/install.log --single-version-externally-managed install_data
[1.235s] running egg_info
[1.236s] writing ../../build/my_robot_controller/my_robot_controller.egg-info/PKG-INFO
[1.237s] writing dependency_links to ../../build/my_robot_controller/my_robot_controller.egg-info/dependency_links.txt
[1.237s] writing entry points to ../../build/my_robot_controller/my_robot_controller.egg-info/entry_points.txt
[1.238s] writing requirements to ../../build/my_robot_controller/my_robot_controller.egg-info/requires.txt
[1.238s] writing top-level names to ../../build/my_robot_controller/my_robot_controller.egg-info/top_level.txt
[1.240s] reading manifest file '../../build/my_robot_controller/my_robot_controller.egg-info/SOURCES.txt'
[1.241s] writing manifest file '../../build/my_robot_controller/my_robot_controller.egg-info/SOURCES.txt'
[1.241s] running build
[1.241s] running build_py
[1.241s] copying my_robot_controller/draw_circle.py -> /home/shanj/ros2_ws/build/my_robot_controller/build/lib/my_robot_controller
[1.241s] running install
[1.242s] running install_lib
[1.243s] copying /home/shanj/ros2_ws/build/my_robot_controller/build/lib/my_robot_controller/draw_circle.py -> /home/shanj/ros2_ws/install/my_robot_controller/lib/python3.10/site-packages/my_robot_controller
[1.244s] byte-compiling /home/shanj/ros2_ws/install/my_robot_controller/lib/python3.10/site-packages/my_robot_controller/draw_circle.py to draw_circle.cpython-310.pyc
[1.244s] running install_data
[1.244s] running install_egg_info
[1.246s] removing '/home/shanj/ros2_ws/install/my_robot_controller/lib/python3.10/site-packages/my_robot_controller-0.0.0-py3.10.egg-info' (and everything under it)
[1.247s] Copying ../../build/my_robot_controller/my_robot_controller.egg-info to /home/shanj/ros2_ws/install/my_robot_controller/lib/python3.10/site-packages/my_robot_controller-0.0.0-py3.10.egg-info
[1.248s] running install_scripts
[1.271s] Installing draw_circle script to /home/shanj/ros2_ws/install/my_robot_controller/lib/my_robot_controller
[1.271s] Installing test_node script to /home/shanj/ros2_ws/install/my_robot_controller/lib/my_robot_controller
[1.272s] writing list of installed files to '/home/shanj/ros2_ws/build/my_robot_controller/install.log'
[1.303s] Invoked command in '/home/shanj/ros2_ws/src/my_robot_controller' returned '0': PYTHONPATH=/home/shanj/ros2_ws/build/my_robot_controller/prefix_override:/usr/lib/python3/dist-packages/colcon_core/task/python/colcon_distutils_commands:/home/shanj/ros2_ws/install/my_robot_controller/lib/python3.10/site-packages:${PYTHONPATH} /usr/bin/python3 -W ignore:setup.py install is deprecated -W ignore:easy_install command is deprecated setup.py egg_info --egg-base ../../build/my_robot_controller build --build-base /home/shanj/ros2_ws/build/my_robot_controller/build install --record /home/shanj/ros2_ws/build/my_robot_controller/install.log --single-version-externally-managed install_data
