[1.882s] Invoking command in '/home/shanj/ros2_ws/src/my_robot_controller': PYTHONPATH=/home/shanj/ros2_ws/build/my_robot_controller/prefix_override:/usr/lib/python3/dist-packages/colcon_core/task/python/colcon_distutils_commands:/home/shanj/ros2_ws/install/my_robot_controller/lib/python3.10/site-packages:${PYTHONPATH} /usr/bin/python3 -W ignore:setup.py install is deprecated -W ignore:easy_install command is deprecated setup.py egg_info --egg-base ../../build/my_robot_controller build --build-base /home/shanj/ros2_ws/build/my_robot_controller/build install --record /home/shanj/ros2_ws/build/my_robot_controller/install.log --single-version-externally-managed install_data
[2.271s] running egg_info
[2.272s] writing ../../build/my_robot_controller/my_robot_controller.egg-info/PKG-INFO
[2.273s] writing dependency_links to ../../build/my_robot_controller/my_robot_controller.egg-info/dependency_links.txt
[2.273s] writing entry points to ../../build/my_robot_controller/my_robot_controller.egg-info/entry_points.txt
[2.273s] writing requirements to ../../build/my_robot_controller/my_robot_controller.egg-info/requires.txt
[2.274s] writing top-level names to ../../build/my_robot_controller/my_robot_controller.egg-info/top_level.txt
[2.277s] reading manifest file '../../build/my_robot_controller/my_robot_controller.egg-info/SOURCES.txt'
[2.278s] writing manifest file '../../build/my_robot_controller/my_robot_controller.egg-info/SOURCES.txt'
[2.278s] running build
[2.279s] running build_py
[2.279s] copying my_robot_controller/my_first_node.py -> /home/shanj/ros2_ws/build/my_robot_controller/build/lib/my_robot_controller
[2.280s] copying my_robot_controller/__init__.py -> /home/shanj/ros2_ws/build/my_robot_controller/build/lib/my_robot_controller
[2.280s] running install
[2.281s] running install_lib
[2.282s] copying /home/shanj/ros2_ws/build/my_robot_controller/build/lib/my_robot_controller/my_first_node.py -> /home/shanj/ros2_ws/install/my_robot_controller/lib/python3.10/site-packages/my_robot_controller
[2.282s] copying /home/shanj/ros2_ws/build/my_robot_controller/build/lib/my_robot_controller/__init__.py -> /home/shanj/ros2_ws/install/my_robot_controller/lib/python3.10/site-packages/my_robot_controller
[2.284s] byte-compiling /home/shanj/ros2_ws/install/my_robot_controller/lib/python3.10/site-packages/my_robot_controller/my_first_node.py to my_first_node.cpython-310.pyc
[2.284s] byte-compiling /home/shanj/ros2_ws/install/my_robot_controller/lib/python3.10/site-packages/my_robot_controller/__init__.py to __init__.cpython-310.pyc
[2.285s] running install_data
[2.286s] running install_egg_info
[2.288s] removing '/home/shanj/ros2_ws/install/my_robot_controller/lib/python3.10/site-packages/my_robot_controller-0.0.0-py3.10.egg-info' (and everything under it)
[2.289s] Copying ../../build/my_robot_controller/my_robot_controller.egg-info to /home/shanj/ros2_ws/install/my_robot_controller/lib/python3.10/site-packages/my_robot_controller-0.0.0-py3.10.egg-info
[2.291s] running install_scripts
[2.332s] Installing test_node script to /home/shanj/ros2_ws/install/my_robot_controller/lib/my_robot_controller
[2.334s] writing list of installed files to '/home/shanj/ros2_ws/build/my_robot_controller/install.log'
[2.416s] Invoked command in '/home/shanj/ros2_ws/src/my_robot_controller' returned '0': PYTHONPATH=/home/shanj/ros2_ws/build/my_robot_controller/prefix_override:/usr/lib/python3/dist-packages/colcon_core/task/python/colcon_distutils_commands:/home/shanj/ros2_ws/install/my_robot_controller/lib/python3.10/site-packages:${PYTHONPATH} /usr/bin/python3 -W ignore:setup.py install is deprecated -W ignore:easy_install command is deprecated setup.py egg_info --egg-base ../../build/my_robot_controller build --build-base /home/shanj/ros2_ws/build/my_robot_controller/build install --record /home/shanj/ros2_ws/build/my_robot_controller/install.log --single-version-externally-managed install_data
