[1.364s] Invoking command in '/home/shanj/ros2_ws/src/my_robot_controller': PYTHONPATH=/home/shanj/ros2_ws/build/my_robot_controller/prefix_override:/usr/lib/python3/dist-packages/colcon_core/task/python/colcon_distutils_commands:/home/shanj/ros2_ws/install/my_robot_controller/lib/python3.10/site-packages:${PYTHONPATH} /usr/bin/python3 -W ignore:setup.py install is deprecated -W ignore:easy_install command is deprecated setup.py egg_info --egg-base ../../build/my_robot_controller build --build-base /home/shanj/ros2_ws/build/my_robot_controller/build install --record /home/shanj/ros2_ws/build/my_robot_controller/install.log --single-version-externally-managed install_data
[1.630s] running egg_info
[1.631s] creating ../../build/my_robot_controller/my_robot_controller.egg-info
[1.632s] writing ../../build/my_robot_controller/my_robot_controller.egg-info/PKG-INFO
[1.632s] writing dependency_links to ../../build/my_robot_controller/my_robot_controller.egg-info/dependency_links.txt
[1.633s] writing entry points to ../../build/my_robot_controller/my_robot_controller.egg-info/entry_points.txt
[1.633s] writing requirements to ../../build/my_robot_controller/my_robot_controller.egg-info/requires.txt
[1.633s] writing top-level names to ../../build/my_robot_controller/my_robot_controller.egg-info/top_level.txt
[1.634s] writing manifest file '../../build/my_robot_controller/my_robot_controller.egg-info/SOURCES.txt'
[1.635s] reading manifest file '../../build/my_robot_controller/my_robot_controller.egg-info/SOURCES.txt'
[1.636s] writing manifest file '../../build/my_robot_controller/my_robot_controller.egg-info/SOURCES.txt'
[1.636s] running build
[1.637s] running build_py
[1.637s] creating /home/shanj/ros2_ws/build/my_robot_controller/build
[1.637s] creating /home/shanj/ros2_ws/build/my_robot_controller/build/lib
[1.637s] creating /home/shanj/ros2_ws/build/my_robot_controller/build/lib/my_robot_controller
[1.638s] copying my_robot_controller/__init__.py -> /home/shanj/ros2_ws/build/my_robot_controller/build/lib/my_robot_controller
[1.638s] running install
[1.638s] running install_lib
[1.639s] creating /home/shanj/ros2_ws/install/my_robot_controller/lib/python3.10/site-packages/my_robot_controller
[1.641s] copying /home/shanj/ros2_ws/build/my_robot_controller/build/lib/my_robot_controller/__init__.py -> /home/shanj/ros2_ws/install/my_robot_controller/lib/python3.10/site-packages/my_robot_controller
[1.641s] byte-compiling /home/shanj/ros2_ws/install/my_robot_controller/lib/python3.10/site-packages/my_robot_controller/__init__.py to __init__.cpython-310.pyc
[1.641s] running install_data
[1.641s] creating /home/shanj/ros2_ws/install/my_robot_controller/share/ament_index
[1.642s] creating /home/shanj/ros2_ws/install/my_robot_controller/share/ament_index/resource_index
[1.642s] creating /home/shanj/ros2_ws/install/my_robot_controller/share/ament_index/resource_index/packages
[1.643s] copying resource/my_robot_controller -> /home/shanj/ros2_ws/install/my_robot_controller/share/ament_index/resource_index/packages
[1.643s] copying package.xml -> /home/shanj/ros2_ws/install/my_robot_controller/share/my_robot_controller
[1.643s] running install_egg_info
[1.645s] Copying ../../build/my_robot_controller/my_robot_controller.egg-info to /home/shanj/ros2_ws/install/my_robot_controller/lib/python3.10/site-packages/my_robot_controller-0.0.0-py3.10.egg-info
[1.647s] running install_scripts
[1.669s] writing list of installed files to '/home/shanj/ros2_ws/build/my_robot_controller/install.log'
[1.706s] Invoked command in '/home/shanj/ros2_ws/src/my_robot_controller' returned '0': PYTHONPATH=/home/shanj/ros2_ws/build/my_robot_controller/prefix_override:/usr/lib/python3/dist-packages/colcon_core/task/python/colcon_distutils_commands:/home/shanj/ros2_ws/install/my_robot_controller/lib/python3.10/site-packages:${PYTHONPATH} /usr/bin/python3 -W ignore:setup.py install is deprecated -W ignore:easy_install command is deprecated setup.py egg_info --egg-base ../../build/my_robot_controller build --build-base /home/shanj/ros2_ws/build/my_robot_controller/build install --record /home/shanj/ros2_ws/build/my_robot_controller/install.log --single-version-externally-managed install_data
