[0.980s] Invoking command in '/home/shanj/ros2_ws/build/my_first_package': PYTHONPATH=/home/shanj/ros2_ws/build/my_first_package/prefix_override:/usr/lib/python3/dist-packages/colcon_core/task/python/colcon_distutils_commands:/home/shanj/ros2_ws/install/my_first_package/lib/python3.10/site-packages:${PYTHONPATH} /usr/bin/python3 -W ignore:setup.py install is deprecated -W ignore:easy_install command is deprecated setup.py develop --uninstall --editable --build-directory /home/shanj/ros2_ws/build/my_first_package/build
[1.288s] running develop
[1.447s] Removing /home/shanj/ros2_ws/install/my_first_package/lib/python3.10/site-packages/my-first-package.egg-link (link to .)
[1.483s] Invoked command in '/home/shanj/ros2_ws/build/my_first_package' returned '0': PYTHONPATH=/home/shanj/ros2_ws/build/my_first_package/prefix_override:/usr/lib/python3/dist-packages/colcon_core/task/python/colcon_distutils_commands:/home/shanj/ros2_ws/install/my_first_package/lib/python3.10/site-packages:${PYTHONPATH} /usr/bin/python3 -W ignore:setup.py install is deprecated -W ignore:easy_install command is deprecated setup.py develop --uninstall --editable --build-directory /home/shanj/ros2_ws/build/my_first_package/build
[1.487s] Invoking command in '/home/shanj/ros2_ws/src/my_first_package': PYTHONPATH=/home/shanj/ros2_ws/build/my_first_package/prefix_override:/usr/lib/python3/dist-packages/colcon_core/task/python/colcon_distutils_commands:/home/shanj/ros2_ws/install/my_first_package/lib/python3.10/site-packages:${PYTHONPATH} /usr/bin/python3 -W ignore:setup.py install is deprecated -W ignore:easy_install command is deprecated setup.py egg_info --egg-base ../../build/my_first_package build --build-base /home/shanj/ros2_ws/build/my_first_package/build install --record /home/shanj/ros2_ws/build/my_first_package/install.log --single-version-externally-managed install_data --force
[1.748s] running egg_info
[1.749s] writing ../../build/my_first_package/my_first_package.egg-info/PKG-INFO
[1.750s] writing dependency_links to ../../build/my_first_package/my_first_package.egg-info/dependency_links.txt
[1.750s] writing entry points to ../../build/my_first_package/my_first_package.egg-info/entry_points.txt
[1.750s] writing requirements to ../../build/my_first_package/my_first_package.egg-info/requires.txt
[1.751s] writing top-level names to ../../build/my_first_package/my_first_package.egg-info/top_level.txt
[1.753s] reading manifest file '../../build/my_first_package/my_first_package.egg-info/SOURCES.txt'
[1.754s] writing manifest file '../../build/my_first_package/my_first_package.egg-info/SOURCES.txt'
[1.754s] running build
[1.755s] running build_py
[1.755s] running install
[1.755s] running install_lib
[1.756s] creating /home/shanj/ros2_ws/install/my_first_package/lib/python3.10/site-packages/my_first_package
[1.757s] copying /home/shanj/ros2_ws/build/my_first_package/build/lib/my_first_package/__init__.py -> /home/shanj/ros2_ws/install/my_first_package/lib/python3.10/site-packages/my_first_package
[1.758s] byte-compiling /home/shanj/ros2_ws/install/my_first_package/lib/python3.10/site-packages/my_first_package/__init__.py to __init__.cpython-310.pyc
[1.759s] running install_data
[1.759s] copying resource/my_first_package -> /home/shanj/ros2_ws/install/my_first_package/share/ament_index/resource_index/packages
[1.760s] copying package.xml -> /home/shanj/ros2_ws/install/my_first_package/share/my_first_package
[1.760s] running install_egg_info
[1.763s] Copying ../../build/my_first_package/my_first_package.egg-info to /home/shanj/ros2_ws/install/my_first_package/lib/python3.10/site-packages/my_first_package-0.0.0-py3.10.egg-info
[1.766s] running install_scripts
[1.787s] writing list of installed files to '/home/shanj/ros2_ws/build/my_first_package/install.log'
[1.834s] Invoked command in '/home/shanj/ros2_ws/src/my_first_package' returned '0': PYTHONPATH=/home/shanj/ros2_ws/build/my_first_package/prefix_override:/usr/lib/python3/dist-packages/colcon_core/task/python/colcon_distutils_commands:/home/shanj/ros2_ws/install/my_first_package/lib/python3.10/site-packages:${PYTHONPATH} /usr/bin/python3 -W ignore:setup.py install is deprecated -W ignore:easy_install command is deprecated setup.py egg_info --egg-base ../../build/my_first_package build --build-base /home/shanj/ros2_ws/build/my_first_package/build install --record /home/shanj/ros2_ws/build/my_first_package/install.log --single-version-externally-managed install_data --force
