[1.922s] Invoking command in '/home/shanj/ros2_ws/src/my_first_package': PYTHONPATH=/home/shanj/ros2_ws/build/my_first_package/prefix_override:/usr/lib/python3/dist-packages/colcon_core/task/python/colcon_distutils_commands:/home/shanj/ros2_ws/install/my_first_package/lib/python3.10/site-packages:${PYTHONPATH} /usr/bin/python3 -W ignore:setup.py install is deprecated -W ignore:easy_install command is deprecated setup.py egg_info --egg-base ../../build/my_first_package build --build-base /home/shanj/ros2_ws/build/my_first_package/build install --record /home/shanj/ros2_ws/build/my_first_package/install.log --single-version-externally-managed install_data
[2.286s] running egg_info
[2.287s] writing ../../build/my_first_package/my_first_package.egg-info/PKG-INFO
[2.288s] writing dependency_links to ../../build/my_first_package/my_first_package.egg-info/dependency_links.txt
[2.288s] writing entry points to ../../build/my_first_package/my_first_package.egg-info/entry_points.txt
[2.289s] writing requirements to ../../build/my_first_package/my_first_package.egg-info/requires.txt
[2.289s] writing top-level names to ../../build/my_first_package/my_first_package.egg-info/top_level.txt
[2.293s] reading manifest file '../../build/my_first_package/my_first_package.egg-info/SOURCES.txt'
[2.295s] writing manifest file '../../build/my_first_package/my_first_package.egg-info/SOURCES.txt'
[2.295s] running build
[2.295s] running build_py
[2.297s] running install
[2.297s] running install_lib
[2.299s] running install_data
[2.302s] running install_egg_info
[2.304s] removing '/home/shanj/ros2_ws/install/my_first_package/lib/python3.10/site-packages/my_first_package-0.0.0-py3.10.egg-info' (and everything under it)
[2.305s] Copying ../../build/my_first_package/my_first_package.egg-info to /home/shanj/ros2_ws/install/my_first_package/lib/python3.10/site-packages/my_first_package-0.0.0-py3.10.egg-info
[2.307s] running install_scripts
[2.342s] writing list of installed files to '/home/shanj/ros2_ws/build/my_first_package/install.log'
[2.406s] Invoked command in '/home/shanj/ros2_ws/src/my_first_package' returned '0': PYTHONPATH=/home/shanj/ros2_ws/build/my_first_package/prefix_override:/usr/lib/python3/dist-packages/colcon_core/task/python/colcon_distutils_commands:/home/shanj/ros2_ws/install/my_first_package/lib/python3.10/site-packages:${PYTHONPATH} /usr/bin/python3 -W ignore:setup.py install is deprecated -W ignore:easy_install command is deprecated setup.py egg_info --egg-base ../../build/my_first_package build --build-base /home/shanj/ros2_ws/build/my_first_package/build install --record /home/shanj/ros2_ws/build/my_first_package/install.log --single-version-externally-managed install_data
