[0.939s] Invoking command in '/home/shanj/ros2_ws/src/my_first_package': PYTHONPATH=/home/shanj/ros2_ws/build/my_first_package/prefix_override:/usr/lib/python3/dist-packages/colcon_core/task/python/colcon_distutils_commands:/home/shanj/ros2_ws/install/my_first_package/lib/python3.10/site-packages:${PYTHONPATH} /usr/bin/python3 -W ignore:setup.py install is deprecated -W ignore:easy_install command is deprecated setup.py egg_info --egg-base ../../build/my_first_package build --build-base /home/shanj/ros2_ws/build/my_first_package/build install --record /home/shanj/ros2_ws/build/my_first_package/install.log --single-version-externally-managed install_data
[1.216s] running egg_info
[1.217s] writing ../../build/my_first_package/my_first_package.egg-info/PKG-INFO
[1.218s] writing dependency_links to ../../build/my_first_package/my_first_package.egg-info/dependency_links.txt
[1.218s] writing entry points to ../../build/my_first_package/my_first_package.egg-info/entry_points.txt
[1.218s] writing requirements to ../../build/my_first_package/my_first_package.egg-info/requires.txt
[1.218s] writing top-level names to ../../build/my_first_package/my_first_package.egg-info/top_level.txt
[1.222s] reading manifest file '../../build/my_first_package/my_first_package.egg-info/SOURCES.txt'
[1.223s] writing manifest file '../../build/my_first_package/my_first_package.egg-info/SOURCES.txt'
[1.223s] running build
[1.223s] running build_py
[1.224s] running install
[1.224s] running install_lib
[1.226s] running install_data
[1.227s] running install_egg_info
[1.229s] removing '/home/shanj/ros2_ws/install/my_first_package/lib/python3.10/site-packages/my_first_package-0.0.0-py3.10.egg-info' (and everything under it)
[1.230s] Copying ../../build/my_first_package/my_first_package.egg-info to /home/shanj/ros2_ws/install/my_first_package/lib/python3.10/site-packages/my_first_package-0.0.0-py3.10.egg-info
[1.232s] running install_scripts
[1.254s] writing list of installed files to '/home/shanj/ros2_ws/build/my_first_package/install.log'
[1.288s] Invoked command in '/home/shanj/ros2_ws/src/my_first_package' returned '0': PYTHONPATH=/home/shanj/ros2_ws/build/my_first_package/prefix_override:/usr/lib/python3/dist-packages/colcon_core/task/python/colcon_distutils_commands:/home/shanj/ros2_ws/install/my_first_package/lib/python3.10/site-packages:${PYTHONPATH} /usr/bin/python3 -W ignore:setup.py install is deprecated -W ignore:easy_install command is deprecated setup.py egg_info --egg-base ../../build/my_first_package build --build-base /home/shanj/ros2_ws/build/my_first_package/build install --record /home/shanj/ros2_ws/build/my_first_package/install.log --single-version-externally-managed install_data
