[0.937s] Invoking command in '/home/shanj/ros2_ws/src/my_robot_controller': PYTHONPATH=/home/shanj/ros2_ws/build/my_robot_controller/prefix_override:/usr/lib/python3/dist-packages/colcon_core/task/python/colcon_distutils_commands:/home/shanj/ros2_ws/install/my_robot_controller/lib/python3.10/site-packages:${PYTHONPATH} /usr/bin/python3 -W ignore:setup.py install is deprecated -W ignore:easy_install command is deprecated setup.py egg_info --egg-base ../../build/my_robot_controller build --build-base /home/shanj/ros2_ws/build/my_robot_controller/build install --record /home/shanj/ros2_ws/build/my_robot_controller/install.log --single-version-externally-managed install_data
[1.187s] running egg_info
[1.188s] writing ../../build/my_robot_controller/my_robot_controller.egg-info/PKG-INFO
[1.188s] writing dependency_links to ../../build/my_robot_controller/my_robot_controller.egg-info/dependency_links.txt
[1.188s] writing entry points to ../../build/my_robot_controller/my_robot_controller.egg-info/entry_points.txt
[1.189s] writing requirements to ../../build/my_robot_controller/my_robot_controller.egg-info/requires.txt
[1.189s] writing top-level names to ../../build/my_robot_controller/my_robot_controller.egg-info/top_level.txt
[1.190s] reading manifest file '../../build/my_robot_controller/my_robot_controller.egg-info/SOURCES.txt'
[1.191s] writing manifest file '../../build/my_robot_controller/my_robot_controller.egg-info/SOURCES.txt'
[1.191s] running build
[1.191s] running build_py
[1.192s] copying my_robot_controller/my_first_node.py -> /home/shanj/ros2_ws/build/my_robot_controller/build/lib/my_robot_controller
[1.192s] running install
[1.192s] running install_lib
[1.193s] copying /home/shanj/ros2_ws/build/my_robot_controller/build/lib/my_robot_controller/my_first_node.py -> /home/shanj/ros2_ws/install/my_robot_controller/lib/python3.10/site-packages/my_robot_controller
[1.194s] byte-compiling /home/shanj/ros2_ws/install/my_robot_controller/lib/python3.10/site-packages/my_robot_controller/my_first_node.py to my_first_node.cpython-310.pyc
[1.194s] running install_data
[1.195s] running install_egg_info
[1.196s] removing '/home/shanj/ros2_ws/install/my_robot_controller/lib/python3.10/site-packages/my_robot_controller-0.0.0-py3.10.egg-info' (and everything under it)
[1.197s] Copying ../../build/my_robot_controller/my_robot_controller.egg-info to /home/shanj/ros2_ws/install/my_robot_controller/lib/python3.10/site-packages/my_robot_controller-0.0.0-py3.10.egg-info
[1.198s] running install_scripts
[1.220s] Installing test_node script to /home/shanj/ros2_ws/install/my_robot_controller/lib/my_robot_controller
[1.221s] writing list of installed files to '/home/shanj/ros2_ws/build/my_robot_controller/install.log'
[1.261s] Invoked command in '/home/shanj/ros2_ws/src/my_robot_controller' returned '0': PYTHONPATH=/home/shanj/ros2_ws/build/my_robot_controller/prefix_override:/usr/lib/python3/dist-packages/colcon_core/task/python/colcon_distutils_commands:/home/shanj/ros2_ws/install/my_robot_controller/lib/python3.10/site-packages:${PYTHONPATH} /usr/bin/python3 -W ignore:setup.py install is deprecated -W ignore:easy_install command is deprecated setup.py egg_info --egg-base ../../build/my_robot_controller build --build-base /home/shanj/ros2_ws/build/my_robot_controller/build install --record /home/shanj/ros2_ws/build/my_robot_controller/install.log --single-version-externally-managed install_data
