[0.680s] Invoking command in '/home/shanj/ros2_ws/src/my_robot_controller': PYTHONPATH=/home/shanj/ros2_ws/build/my_robot_controller/prefix_override:/usr/lib/python3/dist-packages/colcon_core/task/python/colcon_distutils_commands:/home/shanj/ros2_ws/install/my_robot_controller/lib/python3.10/site-packages:${PYTHONPATH} /usr/bin/python3 -W ignore:setup.py install is deprecated -W ignore:easy_install command is deprecated setup.py egg_info --egg-base ../../build/my_robot_controller build --build-base /home/shanj/ros2_ws/build/my_robot_controller/build install --record /home/shanj/ros2_ws/build/my_robot_controller/install.log --single-version-externally-managed install_data
[0.921s] running egg_info
[0.921s] writing ../../build/my_robot_controller/my_robot_controller.egg-info/PKG-INFO
[0.925s] writing dependency_links to ../../build/my_robot_controller/my_robot_controller.egg-info/dependency_links.txt
[0.925s] writing entry points to ../../build/my_robot_controller/my_robot_controller.egg-info/entry_points.txt
[0.926s] writing requirements to ../../build/my_robot_controller/my_robot_controller.egg-info/requires.txt
[0.926s] writing top-level names to ../../build/my_robot_controller/my_robot_controller.egg-info/top_level.txt
[0.929s] reading manifest file '../../build/my_robot_controller/my_robot_controller.egg-info/SOURCES.txt'
[0.930s] writing manifest file '../../build/my_robot_controller/my_robot_controller.egg-info/SOURCES.txt'
[0.930s] running build
[0.930s] running build_py
[0.932s] copying my_robot_controller/draw_circle.py -> /home/shanj/ros2_ws/build/my_robot_controller/build/lib/my_robot_controller
[0.933s] running install
[0.933s] running install_lib
[0.934s] copying /home/shanj/ros2_ws/build/my_robot_controller/build/lib/my_robot_controller/draw_circle.py -> /home/shanj/ros2_ws/install/my_robot_controller/lib/python3.10/site-packages/my_robot_controller
[0.935s] byte-compiling /home/shanj/ros2_ws/install/my_robot_controller/lib/python3.10/site-packages/my_robot_controller/draw_circle.py to draw_circle.cpython-310.pyc
[0.937s] running install_data
[0.938s] running install_egg_info
[0.940s] removing '/home/shanj/ros2_ws/install/my_robot_controller/lib/python3.10/site-packages/my_robot_controller-0.0.0-py3.10.egg-info' (and everything under it)
[0.940s] Copying ../../build/my_robot_controller/my_robot_controller.egg-info to /home/shanj/ros2_ws/install/my_robot_controller/lib/python3.10/site-packages/my_robot_controller-0.0.0-py3.10.egg-info
[0.943s] running install_scripts
[0.965s] Installing draw_circle script to /home/shanj/ros2_ws/install/my_robot_controller/lib/my_robot_controller
[0.966s] Installing test_node script to /home/shanj/ros2_ws/install/my_robot_controller/lib/my_robot_controller
[0.966s] writing list of installed files to '/home/shanj/ros2_ws/build/my_robot_controller/install.log'
[0.993s] Invoked command in '/home/shanj/ros2_ws/src/my_robot_controller' returned '0': PYTHONPATH=/home/shanj/ros2_ws/build/my_robot_controller/prefix_override:/usr/lib/python3/dist-packages/colcon_core/task/python/colcon_distutils_commands:/home/shanj/ros2_ws/install/my_robot_controller/lib/python3.10/site-packages:${PYTHONPATH} /usr/bin/python3 -W ignore:setup.py install is deprecated -W ignore:easy_install command is deprecated setup.py egg_info --egg-base ../../build/my_robot_controller build --build-base /home/shanj/ros2_ws/build/my_robot_controller/build install --record /home/shanj/ros2_ws/build/my_robot_controller/install.log --single-version-externally-managed install_data
