[0.456s] DEBUG:colcon:Command line arguments: ['/usr/bin/colcon', 'build']
[0.456s] DEBUG:colcon:Parsed command line arguments: Namespace(log_base=None, log_level=None, verb_name='build', build_base='build', install_base='install', merge_install=False, symlink_install=False, test_result_base=None, continue_on_error=False, executor='parallel', parallel_workers=8, event_handlers=None, ignore_user_meta=False, metas=['./colcon.meta'], base_paths=['.'], packages_ignore=None, packages_ignore_regex=None, paths=None, packages_up_to=None, packages_up_to_regex=None, packages_above=None, packages_above_and_dependencies=None, packages_above_depth=None, packages_select_by_dep=None, packages_skip_by_dep=None, packages_skip_up_to=None, packages_select_build_failed=False, packages_skip_build_finished=False, packages_select_test_failures=False, packages_skip_test_passed=False, packages_select=None, packages_skip=None, packages_select_regex=None, packages_skip_regex=None, packages_start=None, packages_end=None, allow_overriding=[], cmake_args=None, cmake_target=None, cmake_target_skip_unavailable=False, cmake_clean_cache=False, cmake_clean_first=False, cmake_force_configure=False, ament_cmake_args=None, catkin_cmake_args=None, catkin_skip_building_tests=False, verb_parser=<colcon_defaults.argument_parser.defaults.DefaultArgumentsDecorator object at 0x797556b13010>, verb_extension=<colcon_core.verb.build.BuildVerb object at 0x797556c70460>, main=<bound method BuildVerb.main of <colcon_core.verb.build.BuildVerb object at 0x797556c70460>>)
[0.715s] Level 1:colcon.colcon_core.package_discovery:discover_packages(colcon_meta) check parameters
[0.715s] Level 1:colcon.colcon_core.package_discovery:discover_packages(recursive) check parameters
[0.715s] Level 1:colcon.colcon_core.package_discovery:discover_packages(ignore) check parameters
[0.715s] Level 1:colcon.colcon_core.package_discovery:discover_packages(path) check parameters
[0.715s] Level 1:colcon.colcon_core.package_discovery:discover_packages(colcon_meta) discover
[0.716s] Level 1:colcon.colcon_core.package_discovery:discover_packages(recursive) discover
[0.716s] INFO:colcon.colcon_core.package_discovery:Crawling recursively for packages in '/home/shanj/ros2_ws'
[0.716s] Level 1:colcon.colcon_core.package_identification:_identify(.) by extensions ['ignore', 'ignore_ament_install']
[0.716s] Level 1:colcon.colcon_core.package_identification:_identify(.) by extension 'ignore'
[0.716s] Level 1:colcon.colcon_core.package_identification:_identify(.) by extension 'ignore_ament_install'
[0.716s] Level 1:colcon.colcon_core.package_identification:_identify(.) by extensions ['colcon_pkg']
[0.716s] Level 1:colcon.colcon_core.package_identification:_identify(.) by extension 'colcon_pkg'
[0.716s] Level 1:colcon.colcon_core.package_identification:_identify(.) by extensions ['colcon_meta']
[0.716s] Level 1:colcon.colcon_core.package_identification:_identify(.) by extension 'colcon_meta'
[0.716s] Level 1:colcon.colcon_core.package_identification:_identify(.) by extensions ['ros']
[0.716s] Level 1:colcon.colcon_core.package_identification:_identify(.) by extension 'ros'
[0.739s] Level 1:colcon.colcon_core.package_identification:_identify(.) by extensions ['cmake', 'python']
[0.739s] Level 1:colcon.colcon_core.package_identification:_identify(.) by extension 'cmake'
[0.739s] Level 1:colcon.colcon_core.package_identification:_identify(.) by extension 'python'
[0.739s] Level 1:colcon.colcon_core.package_identification:_identify(.) by extensions ['python_setup_py']
[0.739s] Level 1:colcon.colcon_core.package_identification:_identify(.) by extension 'python_setup_py'
[0.739s] Level 1:colcon.colcon_core.package_identification:_identify(build) by extensions ['ignore', 'ignore_ament_install']
[0.740s] Level 1:colcon.colcon_core.package_identification:_identify(build) by extension 'ignore'
[0.740s] Level 1:colcon.colcon_core.package_identification:_identify(build) ignored
[0.740s] Level 1:colcon.colcon_core.package_identification:_identify(install) by extensions ['ignore', 'ignore_ament_install']
[0.740s] Level 1:colcon.colcon_core.package_identification:_identify(install) by extension 'ignore'
[0.740s] Level 1:colcon.colcon_core.package_identification:_identify(install) ignored
[0.740s] Level 1:colcon.colcon_core.package_identification:_identify(log) by extensions ['ignore', 'ignore_ament_install']
[0.740s] Level 1:colcon.colcon_core.package_identification:_identify(log) by extension 'ignore'
[0.741s] Level 1:colcon.colcon_core.package_identification:_identify(log) ignored
[0.741s] Level 1:colcon.colcon_core.package_identification:_identify(src) by extensions ['ignore', 'ignore_ament_install']
[0.741s] Level 1:colcon.colcon_core.package_identification:_identify(src) by extension 'ignore'
[0.742s] Level 1:colcon.colcon_core.package_identification:_identify(src) by extension 'ignore_ament_install'
[0.742s] Level 1:colcon.colcon_core.package_identification:_identify(src) by extensions ['colcon_pkg']
[0.742s] Level 1:colcon.colcon_core.package_identification:_identify(src) by extension 'colcon_pkg'
[0.742s] Level 1:colcon.colcon_core.package_identification:_identify(src) by extensions ['colcon_meta']
[0.742s] Level 1:colcon.colcon_core.package_identification:_identify(src) by extension 'colcon_meta'
[0.742s] Level 1:colcon.colcon_core.package_identification:_identify(src) by extensions ['ros']
[0.742s] Level 1:colcon.colcon_core.package_identification:_identify(src) by extension 'ros'
[0.742s] Level 1:colcon.colcon_core.package_identification:_identify(src) by extensions ['cmake', 'python']
[0.742s] Level 1:colcon.colcon_core.package_identification:_identify(src) by extension 'cmake'
[0.742s] Level 1:colcon.colcon_core.package_identification:_identify(src) by extension 'python'
[0.743s] Level 1:colcon.colcon_core.package_identification:_identify(src) by extensions ['python_setup_py']
[0.743s] Level 1:colcon.colcon_core.package_identification:_identify(src) by extension 'python_setup_py'
[0.743s] Level 1:colcon.colcon_core.package_identification:_identify(src/log) by extensions ['ignore', 'ignore_ament_install']
[0.743s] Level 1:colcon.colcon_core.package_identification:_identify(src/log) by extension 'ignore'
[0.744s] Level 1:colcon.colcon_core.package_identification:_identify(src/log) ignored
[0.744s] Level 1:colcon.colcon_core.package_identification:_identify(src/my_first_package) by extensions ['ignore', 'ignore_ament_install']
[0.744s] Level 1:colcon.colcon_core.package_identification:_identify(src/my_first_package) by extension 'ignore'
[0.744s] Level 1:colcon.colcon_core.package_identification:_identify(src/my_first_package) by extension 'ignore_ament_install'
[0.744s] Level 1:colcon.colcon_core.package_identification:_identify(src/my_first_package) by extensions ['colcon_pkg']
[0.744s] Level 1:colcon.colcon_core.package_identification:_identify(src/my_first_package) by extension 'colcon_pkg'
[0.744s] Level 1:colcon.colcon_core.package_identification:_identify(src/my_first_package) by extensions ['colcon_meta']
[0.744s] Level 1:colcon.colcon_core.package_identification:_identify(src/my_first_package) by extension 'colcon_meta'
[0.744s] Level 1:colcon.colcon_core.package_identification:_identify(src/my_first_package) by extensions ['ros']
[0.744s] Level 1:colcon.colcon_core.package_identification:_identify(src/my_first_package) by extension 'ros'
[0.751s] DEBUG:colcon.colcon_core.package_identification:Package 'src/my_first_package' with type 'ros.ament_python' and name 'my_first_package'
[0.751s] Level 1:colcon.colcon_core.package_identification:_identify(src/my_robot_controller) by extensions ['ignore', 'ignore_ament_install']
[0.751s] Level 1:colcon.colcon_core.package_identification:_identify(src/my_robot_controller) by extension 'ignore'
[0.751s] Level 1:colcon.colcon_core.package_identification:_identify(src/my_robot_controller) by extension 'ignore_ament_install'
[0.751s] Level 1:colcon.colcon_core.package_identification:_identify(src/my_robot_controller) by extensions ['colcon_pkg']
[0.751s] Level 1:colcon.colcon_core.package_identification:_identify(src/my_robot_controller) by extension 'colcon_pkg'
[0.751s] Level 1:colcon.colcon_core.package_identification:_identify(src/my_robot_controller) by extensions ['colcon_meta']
[0.751s] Level 1:colcon.colcon_core.package_identification:_identify(src/my_robot_controller) by extension 'colcon_meta'
[0.751s] Level 1:colcon.colcon_core.package_identification:_identify(src/my_robot_controller) by extensions ['ros']
[0.751s] Level 1:colcon.colcon_core.package_identification:_identify(src/my_robot_controller) by extension 'ros'
[0.752s] DEBUG:colcon.colcon_core.package_identification:Package 'src/my_robot_controller' with type 'ros.ament_python' and name 'my_robot_controller'
[0.752s] Level 1:colcon.colcon_core.package_discovery:discover_packages(recursive) using defaults
[0.752s] Level 1:colcon.colcon_core.package_discovery:discover_packages(ignore) discover
[0.752s] Level 1:colcon.colcon_core.package_discovery:discover_packages(ignore) using defaults
[0.752s] Level 1:colcon.colcon_core.package_discovery:discover_packages(path) discover
[0.752s] Level 1:colcon.colcon_core.package_discovery:discover_packages(path) using defaults
[0.791s] Level 1:colcon.colcon_core.package_discovery:discover_packages(prefix_path) check parameters
[0.792s] Level 1:colcon.colcon_core.package_discovery:discover_packages(prefix_path) discover
[0.799s] DEBUG:colcon.colcon_installed_package_information.package_discovery:Found 287 installed packages in /opt/ros/humble
[0.816s] Level 1:colcon.colcon_core.package_discovery:discover_packages(prefix_path) using defaults
[0.888s] Level 5:colcon.colcon_core.verb:set package 'my_first_package' build argument 'cmake_args' from command line to 'None'
[0.888s] Level 5:colcon.colcon_core.verb:set package 'my_first_package' build argument 'cmake_target' from command line to 'None'
[0.889s] Level 5:colcon.colcon_core.verb:set package 'my_first_package' build argument 'cmake_target_skip_unavailable' from command line to 'False'
[0.889s] Level 5:colcon.colcon_core.verb:set package 'my_first_package' build argument 'cmake_clean_cache' from command line to 'False'
[0.889s] Level 5:colcon.colcon_core.verb:set package 'my_first_package' build argument 'cmake_clean_first' from command line to 'False'
[0.889s] Level 5:colcon.colcon_core.verb:set package 'my_first_package' build argument 'cmake_force_configure' from command line to 'False'
[0.889s] Level 5:colcon.colcon_core.verb:set package 'my_first_package' build argument 'ament_cmake_args' from command line to 'None'
[0.889s] Level 5:colcon.colcon_core.verb:set package 'my_first_package' build argument 'catkin_cmake_args' from command line to 'None'
[0.889s] Level 5:colcon.colcon_core.verb:set package 'my_first_package' build argument 'catkin_skip_building_tests' from command line to 'False'
[0.889s] DEBUG:colcon.colcon_core.verb:Building package 'my_first_package' with the following arguments: {'ament_cmake_args': None, 'build_base': '/home/shanj/ros2_ws/build/my_first_package', 'catkin_cmake_args': None, 'catkin_skip_building_tests': False, 'cmake_args': None, 'cmake_clean_cache': False, 'cmake_clean_first': False, 'cmake_force_configure': False, 'cmake_target': None, 'cmake_target_skip_unavailable': False, 'install_base': '/home/shanj/ros2_ws/install/my_first_package', 'merge_install': False, 'path': '/home/shanj/ros2_ws/src/my_first_package', 'symlink_install': False, 'test_result_base': None}
[0.889s] Level 5:colcon.colcon_core.verb:set package 'my_robot_controller' build argument 'cmake_args' from command line to 'None'
[0.889s] Level 5:colcon.colcon_core.verb:set package 'my_robot_controller' build argument 'cmake_target' from command line to 'None'
[0.889s] Level 5:colcon.colcon_core.verb:set package 'my_robot_controller' build argument 'cmake_target_skip_unavailable' from command line to 'False'
[0.889s] Level 5:colcon.colcon_core.verb:set package 'my_robot_controller' build argument 'cmake_clean_cache' from command line to 'False'
[0.889s] Level 5:colcon.colcon_core.verb:set package 'my_robot_controller' build argument 'cmake_clean_first' from command line to 'False'
[0.889s] Level 5:colcon.colcon_core.verb:set package 'my_robot_controller' build argument 'cmake_force_configure' from command line to 'False'
[0.890s] Level 5:colcon.colcon_core.verb:set package 'my_robot_controller' build argument 'ament_cmake_args' from command line to 'None'
[0.890s] Level 5:colcon.colcon_core.verb:set package 'my_robot_controller' build argument 'catkin_cmake_args' from command line to 'None'
[0.890s] Level 5:colcon.colcon_core.verb:set package 'my_robot_controller' build argument 'catkin_skip_building_tests' from command line to 'False'
[0.890s] DEBUG:colcon.colcon_core.verb:Building package 'my_robot_controller' with the following arguments: {'ament_cmake_args': None, 'build_base': '/home/shanj/ros2_ws/build/my_robot_controller', 'catkin_cmake_args': None, 'catkin_skip_building_tests': False, 'cmake_args': None, 'cmake_clean_cache': False, 'cmake_clean_first': False, 'cmake_force_configure': False, 'cmake_target': None, 'cmake_target_skip_unavailable': False, 'install_base': '/home/shanj/ros2_ws/install/my_robot_controller', 'merge_install': False, 'path': '/home/shanj/ros2_ws/src/my_robot_controller', 'symlink_install': False, 'test_result_base': None}
[0.890s] INFO:colcon.colcon_core.executor:Executing jobs using 'parallel' executor
[0.892s] DEBUG:colcon.colcon_parallel_executor.executor.parallel:run_until_complete
[0.895s] INFO:colcon.colcon_ros.task.ament_python.build:Building ROS package in '/home/shanj/ros2_ws/src/my_first_package' with build type 'ament_python'
[0.895s] Level 1:colcon.colcon_core.shell:create_environment_hook('my_first_package', 'ament_prefix_path')
[0.905s] INFO:colcon.colcon_core.plugin_system:Skipping extension 'colcon_core.shell.bat': Not used on non-Windows systems
[0.905s] INFO:colcon.colcon_core.shell:Creating environment hook '/home/shanj/ros2_ws/install/my_first_package/share/my_first_package/hook/ament_prefix_path.ps1'
[0.910s] INFO:colcon.colcon_core.shell:Creating environment descriptor '/home/shanj/ros2_ws/install/my_first_package/share/my_first_package/hook/ament_prefix_path.dsv'
[0.912s] INFO:colcon.colcon_core.shell:Creating environment hook '/home/shanj/ros2_ws/install/my_first_package/share/my_first_package/hook/ament_prefix_path.sh'
[0.913s] INFO:colcon.colcon_core.shell:Skip shell extension 'powershell' for command environment: Not usable outside of PowerShell
[0.913s] DEBUG:colcon.colcon_core.shell:Skip shell extension 'dsv' for command environment
[0.917s] INFO:colcon.colcon_ros.task.ament_python.build:Building ROS package in '/home/shanj/ros2_ws/src/my_robot_controller' with build type 'ament_python'
[0.917s] Level 1:colcon.colcon_core.shell:create_environment_hook('my_robot_controller', 'ament_prefix_path')
[0.917s] INFO:colcon.colcon_core.shell:Creating environment hook '/home/shanj/ros2_ws/install/my_robot_controller/share/my_robot_controller/hook/ament_prefix_path.ps1'
[0.920s] INFO:colcon.colcon_core.shell:Creating environment descriptor '/home/shanj/ros2_ws/install/my_robot_controller/share/my_robot_controller/hook/ament_prefix_path.dsv'
[0.921s] INFO:colcon.colcon_core.shell:Creating environment hook '/home/shanj/ros2_ws/install/my_robot_controller/share/my_robot_controller/hook/ament_prefix_path.sh'
[0.922s] INFO:colcon.colcon_core.shell:Skip shell extension 'powershell' for command environment: Not usable outside of PowerShell
[0.922s] DEBUG:colcon.colcon_core.shell:Skip shell extension 'dsv' for command environment
[1.295s] INFO:colcon.colcon_core.task.python.build:Building Python package in '/home/shanj/ros2_ws/src/my_first_package'
[1.295s] INFO:colcon.colcon_core.shell:Skip shell extension 'powershell' for command environment: Not usable outside of PowerShell
[1.295s] DEBUG:colcon.colcon_core.shell:Skip shell extension 'dsv' for command environment
[1.730s] INFO:colcon.colcon_core.task.python.build:Building Python package in '/home/shanj/ros2_ws/src/my_robot_controller'
[1.730s] INFO:colcon.colcon_core.shell:Skip shell extension 'powershell' for command environment: Not usable outside of PowerShell
[1.730s] DEBUG:colcon.colcon_core.shell:Skip shell extension 'dsv' for command environment
[2.800s] DEBUG:colcon.colcon_core.event_handler.log_command:Invoking command in '/home/shanj/ros2_ws/src/my_robot_controller': PYTHONPATH=/home/shanj/ros2_ws/build/my_robot_controller/prefix_override:/usr/lib/python3/dist-packages/colcon_core/task/python/colcon_distutils_commands:/home/shanj/ros2_ws/install/my_robot_controller/lib/python3.10/site-packages:${PYTHONPATH} /usr/bin/python3 -W ignore:setup.py install is deprecated -W ignore:easy_install command is deprecated setup.py egg_info --egg-base ../../build/my_robot_controller build --build-base /home/shanj/ros2_ws/build/my_robot_controller/build install --record /home/shanj/ros2_ws/build/my_robot_controller/install.log --single-version-externally-managed install_data
[2.817s] DEBUG:colcon.colcon_core.event_handler.log_command:Invoking command in '/home/shanj/ros2_ws/src/my_first_package': PYTHONPATH=/home/shanj/ros2_ws/build/my_first_package/prefix_override:/usr/lib/python3/dist-packages/colcon_core/task/python/colcon_distutils_commands:/home/shanj/ros2_ws/install/my_first_package/lib/python3.10/site-packages:${PYTHONPATH} /usr/bin/python3 -W ignore:setup.py install is deprecated -W ignore:easy_install command is deprecated setup.py egg_info --egg-base ../../build/my_first_package build --build-base /home/shanj/ros2_ws/build/my_first_package/build install --record /home/shanj/ros2_ws/build/my_first_package/install.log --single-version-externally-managed install_data
[3.301s] DEBUG:colcon.colcon_core.event_handler.log_command:Invoked command in '/home/shanj/ros2_ws/src/my_first_package' returned '0': PYTHONPATH=/home/shanj/ros2_ws/build/my_first_package/prefix_override:/usr/lib/python3/dist-packages/colcon_core/task/python/colcon_distutils_commands:/home/shanj/ros2_ws/install/my_first_package/lib/python3.10/site-packages:${PYTHONPATH} /usr/bin/python3 -W ignore:setup.py install is deprecated -W ignore:easy_install command is deprecated setup.py egg_info --egg-base ../../build/my_first_package build --build-base /home/shanj/ros2_ws/build/my_first_package/build install --record /home/shanj/ros2_ws/build/my_first_package/install.log --single-version-externally-managed install_data
[3.316s] Level 1:colcon.colcon_core.environment:checking '/home/shanj/ros2_ws/install/my_first_package' for CMake module files
[3.317s] Level 1:colcon.colcon_core.environment:checking '/home/shanj/ros2_ws/install/my_first_package' for CMake config files
[3.319s] Level 1:colcon.colcon_core.environment:checking '/home/shanj/ros2_ws/install/my_first_package/lib'
[3.319s] Level 1:colcon.colcon_core.environment:checking '/home/shanj/ros2_ws/install/my_first_package/bin'
[3.319s] Level 1:colcon.colcon_core.environment:checking '/home/shanj/ros2_ws/install/my_first_package/lib/pkgconfig/my_first_package.pc'
[3.319s] Level 1:colcon.colcon_core.environment:checking '/home/shanj/ros2_ws/install/my_first_package/lib/python3.10/site-packages'
[3.320s] Level 1:colcon.colcon_core.shell:create_environment_hook('my_first_package', 'pythonpath')
[3.320s] INFO:colcon.colcon_core.shell:Creating environment hook '/home/shanj/ros2_ws/install/my_first_package/share/my_first_package/hook/pythonpath.ps1'
[3.321s] INFO:colcon.colcon_core.shell:Creating environment descriptor '/home/shanj/ros2_ws/install/my_first_package/share/my_first_package/hook/pythonpath.dsv'
[3.321s] INFO:colcon.colcon_core.shell:Creating environment hook '/home/shanj/ros2_ws/install/my_first_package/share/my_first_package/hook/pythonpath.sh'
[3.322s] Level 1:colcon.colcon_core.environment:checking '/home/shanj/ros2_ws/install/my_first_package/bin'
[3.322s] Level 1:colcon.colcon_core.environment:create_environment_scripts_only(my_first_package)
[3.322s] INFO:colcon.colcon_core.shell:Creating package script '/home/shanj/ros2_ws/install/my_first_package/share/my_first_package/package.ps1'
[3.324s] INFO:colcon.colcon_core.shell:Creating package descriptor '/home/shanj/ros2_ws/install/my_first_package/share/my_first_package/package.dsv'
[3.325s] INFO:colcon.colcon_core.shell:Creating package script '/home/shanj/ros2_ws/install/my_first_package/share/my_first_package/package.sh'
[3.326s] INFO:colcon.colcon_core.shell:Creating package script '/home/shanj/ros2_ws/install/my_first_package/share/my_first_package/package.bash'
[3.327s] INFO:colcon.colcon_core.shell:Creating package script '/home/shanj/ros2_ws/install/my_first_package/share/my_first_package/package.zsh'
[3.330s] Level 1:colcon.colcon_core.environment:create_file_with_runtime_dependencies(/home/shanj/ros2_ws/install/my_first_package/share/colcon-core/packages/my_first_package)
[3.333s] Level 1:colcon.colcon_core.environment:checking '/home/shanj/ros2_ws/install/my_robot_controller' for CMake module files
[3.334s] DEBUG:colcon.colcon_core.event_handler.log_command:Invoked command in '/home/shanj/ros2_ws/src/my_robot_controller' returned '0': PYTHONPATH=/home/shanj/ros2_ws/build/my_robot_controller/prefix_override:/usr/lib/python3/dist-packages/colcon_core/task/python/colcon_distutils_commands:/home/shanj/ros2_ws/install/my_robot_controller/lib/python3.10/site-packages:${PYTHONPATH} /usr/bin/python3 -W ignore:setup.py install is deprecated -W ignore:easy_install command is deprecated setup.py egg_info --egg-base ../../build/my_robot_controller build --build-base /home/shanj/ros2_ws/build/my_robot_controller/build install --record /home/shanj/ros2_ws/build/my_robot_controller/install.log --single-version-externally-managed install_data
[3.335s] Level 1:colcon.colcon_core.environment:checking '/home/shanj/ros2_ws/install/my_robot_controller' for CMake config files
[3.337s] Level 1:colcon.colcon_core.environment:checking '/home/shanj/ros2_ws/install/my_robot_controller/lib'
[3.337s] Level 1:colcon.colcon_core.environment:checking '/home/shanj/ros2_ws/install/my_robot_controller/bin'
[3.337s] Level 1:colcon.colcon_core.environment:checking '/home/shanj/ros2_ws/install/my_robot_controller/lib/pkgconfig/my_robot_controller.pc'
[3.337s] Level 1:colcon.colcon_core.environment:checking '/home/shanj/ros2_ws/install/my_robot_controller/lib/python3.10/site-packages'
[3.337s] Level 1:colcon.colcon_core.shell:create_environment_hook('my_robot_controller', 'pythonpath')
[3.337s] INFO:colcon.colcon_core.shell:Creating environment hook '/home/shanj/ros2_ws/install/my_robot_controller/share/my_robot_controller/hook/pythonpath.ps1'
[3.338s] INFO:colcon.colcon_core.shell:Creating environment descriptor '/home/shanj/ros2_ws/install/my_robot_controller/share/my_robot_controller/hook/pythonpath.dsv'
[3.338s] INFO:colcon.colcon_core.shell:Creating environment hook '/home/shanj/ros2_ws/install/my_robot_controller/share/my_robot_controller/hook/pythonpath.sh'
[3.339s] Level 1:colcon.colcon_core.environment:checking '/home/shanj/ros2_ws/install/my_robot_controller/bin'
[3.340s] Level 1:colcon.colcon_core.environment:create_environment_scripts_only(my_robot_controller)
[3.340s] INFO:colcon.colcon_core.shell:Creating package script '/home/shanj/ros2_ws/install/my_robot_controller/share/my_robot_controller/package.ps1'
[3.341s] INFO:colcon.colcon_core.shell:Creating package descriptor '/home/shanj/ros2_ws/install/my_robot_controller/share/my_robot_controller/package.dsv'
[3.341s] INFO:colcon.colcon_core.shell:Creating package script '/home/shanj/ros2_ws/install/my_robot_controller/share/my_robot_controller/package.sh'
[3.342s] INFO:colcon.colcon_core.shell:Creating package script '/home/shanj/ros2_ws/install/my_robot_controller/share/my_robot_controller/package.bash'
[3.342s] INFO:colcon.colcon_core.shell:Creating package script '/home/shanj/ros2_ws/install/my_robot_controller/share/my_robot_controller/package.zsh'
[3.343s] Level 1:colcon.colcon_core.environment:create_file_with_runtime_dependencies(/home/shanj/ros2_ws/install/my_robot_controller/share/colcon-core/packages/my_robot_controller)
[3.343s] DEBUG:colcon.colcon_parallel_executor.executor.parallel:closing loop
[3.343s] DEBUG:colcon.colcon_parallel_executor.executor.parallel:loop closed
[3.343s] DEBUG:colcon.colcon_parallel_executor.executor.parallel:run_until_complete finished with '0'
[3.344s] DEBUG:colcon.colcon_core.event_reactor:joining thread
[3.467s] INFO:colcon.colcon_core.plugin_system:Skipping extension 'colcon_notification.desktop_notification.notify_send': Could not find 'notify-send'
[3.467s] INFO:colcon.colcon_core.plugin_system:Skipping extension 'colcon_notification.desktop_notification.terminal_notifier': Not used on non-Darwin systems
[3.467s] INFO:colcon.colcon_core.plugin_system:Skipping extension 'colcon_notification.desktop_notification.win32': Not used on non-Windows systems
[3.467s] INFO:colcon.colcon_notification.desktop_notification:Sending desktop notification using 'notify2'
[3.471s] DEBUG:colcon.colcon_notification.desktop_notification.notify2:Failed to initialize notify2: org.freedesktop.DBus.Error.FileNotFound: Failed to connect to socket /run/user/1000/bus: No such file or directory
[3.471s] DEBUG:colcon.colcon_core.event_reactor:joined thread
[3.471s] INFO:colcon.colcon_core.shell:Creating prefix script '/home/shanj/ros2_ws/install/local_setup.ps1'
[3.474s] INFO:colcon.colcon_core.shell:Creating prefix util module '/home/shanj/ros2_ws/install/_local_setup_util_ps1.py'
[3.476s] INFO:colcon.colcon_core.shell:Creating prefix chain script '/home/shanj/ros2_ws/install/setup.ps1'
[3.477s] INFO:colcon.colcon_core.shell:Creating prefix script '/home/shanj/ros2_ws/install/local_setup.sh'
[3.478s] INFO:colcon.colcon_core.shell:Creating prefix util module '/home/shanj/ros2_ws/install/_local_setup_util_sh.py'
[3.479s] INFO:colcon.colcon_core.shell:Creating prefix chain script '/home/shanj/ros2_ws/install/setup.sh'
[3.480s] INFO:colcon.colcon_core.shell:Creating prefix script '/home/shanj/ros2_ws/install/local_setup.bash'
[3.482s] INFO:colcon.colcon_core.shell:Creating prefix chain script '/home/shanj/ros2_ws/install/setup.bash'
[3.487s] INFO:colcon.colcon_core.shell:Creating prefix script '/home/shanj/ros2_ws/install/local_setup.zsh'
[3.488s] INFO:colcon.colcon_core.shell:Creating prefix chain script '/home/shanj/ros2_ws/install/setup.zsh'
