[0.437s] DEBUG:colcon:Command line arguments: ['/usr/bin/colcon', 'build', '--symlink-install']
[0.437s] DEBUG:colcon:Parsed command line arguments: Namespace(log_base=None, log_level=None, verb_name='build', build_base='build', install_base='install', merge_install=False, symlink_install=True, test_result_base=None, continue_on_error=False, executor='parallel', parallel_workers=8, event_handlers=None, ignore_user_meta=False, metas=['./colcon.meta'], base_paths=['.'], packages_ignore=None, packages_ignore_regex=None, paths=None, packages_up_to=None, packages_up_to_regex=None, packages_above=None, packages_above_and_dependencies=None, packages_above_depth=None, packages_select_by_dep=None, packages_skip_by_dep=None, packages_skip_up_to=None, packages_select_build_failed=False, packages_skip_build_finished=False, packages_select_test_failures=False, packages_skip_test_passed=False, packages_select=None, packages_skip=None, packages_select_regex=None, packages_skip_regex=None, packages_start=None, packages_end=None, allow_overriding=[], cmake_args=None, cmake_target=None, cmake_target_skip_unavailable=False, cmake_clean_cache=False, cmake_clean_first=False, cmake_force_configure=False, ament_cmake_args=None, catkin_cmake_args=None, catkin_skip_building_tests=False, verb_parser=<colcon_defaults.argument_parser.defaults.DefaultArgumentsDecorator object at 0x7334bca1b550>, verb_extension=<colcon_core.verb.build.BuildVerb object at 0x7334bcb689a0>, main=<bound method BuildVerb.main of <colcon_core.verb.build.BuildVerb object at 0x7334bcb689a0>>)
[0.782s] Level 1:colcon.colcon_core.package_discovery:discover_packages(colcon_meta) check parameters
[0.782s] Level 1:colcon.colcon_core.package_discovery:discover_packages(recursive) check parameters
[0.782s] Level 1:colcon.colcon_core.package_discovery:discover_packages(ignore) check parameters
[0.782s] Level 1:colcon.colcon_core.package_discovery:discover_packages(path) check parameters
[0.782s] Level 1:colcon.colcon_core.package_discovery:discover_packages(colcon_meta) discover
[0.782s] Level 1:colcon.colcon_core.package_discovery:discover_packages(recursive) discover
[0.782s] INFO:colcon.colcon_core.package_discovery:Crawling recursively for packages in '/home/shanj/ros2_ws'
[0.782s] Level 1:colcon.colcon_core.package_identification:_identify(.) by extensions ['ignore', 'ignore_ament_install']
[0.782s] Level 1:colcon.colcon_core.package_identification:_identify(.) by extension 'ignore'
[0.782s] Level 1:colcon.colcon_core.package_identification:_identify(.) by extension 'ignore_ament_install'
[0.783s] Level 1:colcon.colcon_core.package_identification:_identify(.) by extensions ['colcon_pkg']
[0.783s] Level 1:colcon.colcon_core.package_identification:_identify(.) by extension 'colcon_pkg'
[0.783s] Level 1:colcon.colcon_core.package_identification:_identify(.) by extensions ['colcon_meta']
[0.783s] Level 1:colcon.colcon_core.package_identification:_identify(.) by extension 'colcon_meta'
[0.783s] Level 1:colcon.colcon_core.package_identification:_identify(.) by extensions ['ros']
[0.783s] Level 1:colcon.colcon_core.package_identification:_identify(.) by extension 'ros'
[0.801s] Level 1:colcon.colcon_core.package_identification:_identify(.) by extensions ['cmake', 'python']
[0.801s] Level 1:colcon.colcon_core.package_identification:_identify(.) by extension 'cmake'
[0.801s] Level 1:colcon.colcon_core.package_identification:_identify(.) by extension 'python'
[0.802s] Level 1:colcon.colcon_core.package_identification:_identify(.) by extensions ['python_setup_py']
[0.802s] Level 1:colcon.colcon_core.package_identification:_identify(.) by extension 'python_setup_py'
[0.802s] Level 1:colcon.colcon_core.package_identification:_identify(build) by extensions ['ignore', 'ignore_ament_install']
[0.802s] Level 1:colcon.colcon_core.package_identification:_identify(build) by extension 'ignore'
[0.802s] Level 1:colcon.colcon_core.package_identification:_identify(build) ignored
[0.803s] Level 1:colcon.colcon_core.package_identification:_identify(install) by extensions ['ignore', 'ignore_ament_install']
[0.803s] Level 1:colcon.colcon_core.package_identification:_identify(install) by extension 'ignore'
[0.803s] Level 1:colcon.colcon_core.package_identification:_identify(install) ignored
[0.803s] Level 1:colcon.colcon_core.package_identification:_identify(log) by extensions ['ignore', 'ignore_ament_install']
[0.803s] Level 1:colcon.colcon_core.package_identification:_identify(log) by extension 'ignore'
[0.803s] Level 1:colcon.colcon_core.package_identification:_identify(log) ignored
[0.804s] Level 1:colcon.colcon_core.package_identification:_identify(src) by extensions ['ignore', 'ignore_ament_install']
[0.804s] Level 1:colcon.colcon_core.package_identification:_identify(src) by extension 'ignore'
[0.804s] Level 1:colcon.colcon_core.package_identification:_identify(src) by extension 'ignore_ament_install'
[0.804s] Level 1:colcon.colcon_core.package_identification:_identify(src) by extensions ['colcon_pkg']
[0.804s] Level 1:colcon.colcon_core.package_identification:_identify(src) by extension 'colcon_pkg'
[0.804s] Level 1:colcon.colcon_core.package_identification:_identify(src) by extensions ['colcon_meta']
[0.804s] Level 1:colcon.colcon_core.package_identification:_identify(src) by extension 'colcon_meta'
[0.804s] Level 1:colcon.colcon_core.package_identification:_identify(src) by extensions ['ros']
[0.804s] Level 1:colcon.colcon_core.package_identification:_identify(src) by extension 'ros'
[0.804s] Level 1:colcon.colcon_core.package_identification:_identify(src) by extensions ['cmake', 'python']
[0.804s] Level 1:colcon.colcon_core.package_identification:_identify(src) by extension 'cmake'
[0.804s] Level 1:colcon.colcon_core.package_identification:_identify(src) by extension 'python'
[0.804s] Level 1:colcon.colcon_core.package_identification:_identify(src) by extensions ['python_setup_py']
[0.804s] Level 1:colcon.colcon_core.package_identification:_identify(src) by extension 'python_setup_py'
[0.805s] Level 1:colcon.colcon_core.package_identification:_identify(src/log) by extensions ['ignore', 'ignore_ament_install']
[0.805s] Level 1:colcon.colcon_core.package_identification:_identify(src/log) by extension 'ignore'
[0.805s] Level 1:colcon.colcon_core.package_identification:_identify(src/log) ignored
[0.805s] Level 1:colcon.colcon_core.package_identification:_identify(src/my_first_package) by extensions ['ignore', 'ignore_ament_install']
[0.806s] Level 1:colcon.colcon_core.package_identification:_identify(src/my_first_package) by extension 'ignore'
[0.806s] Level 1:colcon.colcon_core.package_identification:_identify(src/my_first_package) by extension 'ignore_ament_install'
[0.806s] Level 1:colcon.colcon_core.package_identification:_identify(src/my_first_package) by extensions ['colcon_pkg']
[0.806s] Level 1:colcon.colcon_core.package_identification:_identify(src/my_first_package) by extension 'colcon_pkg'
[0.806s] Level 1:colcon.colcon_core.package_identification:_identify(src/my_first_package) by extensions ['colcon_meta']
[0.806s] Level 1:colcon.colcon_core.package_identification:_identify(src/my_first_package) by extension 'colcon_meta'
[0.806s] Level 1:colcon.colcon_core.package_identification:_identify(src/my_first_package) by extensions ['ros']
[0.806s] Level 1:colcon.colcon_core.package_identification:_identify(src/my_first_package) by extension 'ros'
[0.811s] DEBUG:colcon.colcon_core.package_identification:Package 'src/my_first_package' with type 'ros.ament_python' and name 'my_first_package'
[0.811s] Level 1:colcon.colcon_core.package_identification:_identify(src/my_robot_controller) by extensions ['ignore', 'ignore_ament_install']
[0.811s] Level 1:colcon.colcon_core.package_identification:_identify(src/my_robot_controller) by extension 'ignore'
[0.811s] Level 1:colcon.colcon_core.package_identification:_identify(src/my_robot_controller) by extension 'ignore_ament_install'
[0.811s] Level 1:colcon.colcon_core.package_identification:_identify(src/my_robot_controller) by extensions ['colcon_pkg']
[0.811s] Level 1:colcon.colcon_core.package_identification:_identify(src/my_robot_controller) by extension 'colcon_pkg'
[0.811s] Level 1:colcon.colcon_core.package_identification:_identify(src/my_robot_controller) by extensions ['colcon_meta']
[0.811s] Level 1:colcon.colcon_core.package_identification:_identify(src/my_robot_controller) by extension 'colcon_meta'
[0.811s] Level 1:colcon.colcon_core.package_identification:_identify(src/my_robot_controller) by extensions ['ros']
[0.811s] Level 1:colcon.colcon_core.package_identification:_identify(src/my_robot_controller) by extension 'ros'
[0.812s] DEBUG:colcon.colcon_core.package_identification:Package 'src/my_robot_controller' with type 'ros.ament_python' and name 'my_robot_controller'
[0.813s] Level 1:colcon.colcon_core.package_discovery:discover_packages(recursive) using defaults
[0.813s] Level 1:colcon.colcon_core.package_discovery:discover_packages(ignore) discover
[0.813s] Level 1:colcon.colcon_core.package_discovery:discover_packages(ignore) using defaults
[0.813s] Level 1:colcon.colcon_core.package_discovery:discover_packages(path) discover
[0.813s] Level 1:colcon.colcon_core.package_discovery:discover_packages(path) using defaults
[0.852s] Level 1:colcon.colcon_core.package_discovery:discover_packages(prefix_path) check parameters
[0.852s] Level 1:colcon.colcon_core.package_discovery:discover_packages(prefix_path) discover
[0.856s] DEBUG:colcon.colcon_installed_package_information.package_discovery:Found 2 installed packages in /home/shanj/ros2_ws/install
[0.858s] DEBUG:colcon.colcon_installed_package_information.package_discovery:Found 287 installed packages in /opt/ros/humble
[0.869s] Level 1:colcon.colcon_core.package_discovery:discover_packages(prefix_path) using defaults
[0.952s] Level 5:colcon.colcon_core.verb:set package 'my_first_package' build argument 'cmake_args' from command line to 'None'
[0.952s] Level 5:colcon.colcon_core.verb:set package 'my_first_package' build argument 'cmake_target' from command line to 'None'
[0.952s] Level 5:colcon.colcon_core.verb:set package 'my_first_package' build argument 'cmake_target_skip_unavailable' from command line to 'False'
[0.952s] Level 5:colcon.colcon_core.verb:set package 'my_first_package' build argument 'cmake_clean_cache' from command line to 'False'
[0.952s] Level 5:colcon.colcon_core.verb:set package 'my_first_package' build argument 'cmake_clean_first' from command line to 'False'
[0.952s] Level 5:colcon.colcon_core.verb:set package 'my_first_package' build argument 'cmake_force_configure' from command line to 'False'
[0.952s] Level 5:colcon.colcon_core.verb:set package 'my_first_package' build argument 'ament_cmake_args' from command line to 'None'
[0.952s] Level 5:colcon.colcon_core.verb:set package 'my_first_package' build argument 'catkin_cmake_args' from command line to 'None'
[0.952s] Level 5:colcon.colcon_core.verb:set package 'my_first_package' build argument 'catkin_skip_building_tests' from command line to 'False'
[0.952s] DEBUG:colcon.colcon_core.verb:Building package 'my_first_package' with the following arguments: {'ament_cmake_args': None, 'build_base': '/home/shanj/ros2_ws/build/my_first_package', 'catkin_cmake_args': None, 'catkin_skip_building_tests': False, 'cmake_args': None, 'cmake_clean_cache': False, 'cmake_clean_first': False, 'cmake_force_configure': False, 'cmake_target': None, 'cmake_target_skip_unavailable': False, 'install_base': '/home/shanj/ros2_ws/install/my_first_package', 'merge_install': False, 'path': '/home/shanj/ros2_ws/src/my_first_package', 'symlink_install': True, 'test_result_base': None}
[0.952s] Level 5:colcon.colcon_core.verb:set package 'my_robot_controller' build argument 'cmake_args' from command line to 'None'
[0.952s] Level 5:colcon.colcon_core.verb:set package 'my_robot_controller' build argument 'cmake_target' from command line to 'None'
[0.952s] Level 5:colcon.colcon_core.verb:set package 'my_robot_controller' build argument 'cmake_target_skip_unavailable' from command line to 'False'
[0.952s] Level 5:colcon.colcon_core.verb:set package 'my_robot_controller' build argument 'cmake_clean_cache' from command line to 'False'
[0.953s] Level 5:colcon.colcon_core.verb:set package 'my_robot_controller' build argument 'cmake_clean_first' from command line to 'False'
[0.953s] Level 5:colcon.colcon_core.verb:set package 'my_robot_controller' build argument 'cmake_force_configure' from command line to 'False'
[0.953s] Level 5:colcon.colcon_core.verb:set package 'my_robot_controller' build argument 'ament_cmake_args' from command line to 'None'
[0.953s] Level 5:colcon.colcon_core.verb:set package 'my_robot_controller' build argument 'catkin_cmake_args' from command line to 'None'
[0.953s] Level 5:colcon.colcon_core.verb:set package 'my_robot_controller' build argument 'catkin_skip_building_tests' from command line to 'False'
[0.953s] DEBUG:colcon.colcon_core.verb:Building package 'my_robot_controller' with the following arguments: {'ament_cmake_args': None, 'build_base': '/home/shanj/ros2_ws/build/my_robot_controller', 'catkin_cmake_args': None, 'catkin_skip_building_tests': False, 'cmake_args': None, 'cmake_clean_cache': False, 'cmake_clean_first': False, 'cmake_force_configure': False, 'cmake_target': None, 'cmake_target_skip_unavailable': False, 'install_base': '/home/shanj/ros2_ws/install/my_robot_controller', 'merge_install': False, 'path': '/home/shanj/ros2_ws/src/my_robot_controller', 'symlink_install': True, 'test_result_base': None}
[0.953s] INFO:colcon.colcon_core.executor:Executing jobs using 'parallel' executor
[0.954s] DEBUG:colcon.colcon_parallel_executor.executor.parallel:run_until_complete
[0.954s] INFO:colcon.colcon_ros.task.ament_python.build:Building ROS package in '/home/shanj/ros2_ws/src/my_first_package' with build type 'ament_python'
[0.954s] Level 1:colcon.colcon_core.shell:create_environment_hook('my_first_package', 'ament_prefix_path')
[0.961s] INFO:colcon.colcon_core.plugin_system:Skipping extension 'colcon_core.shell.bat': Not used on non-Windows systems
[0.961s] INFO:colcon.colcon_core.shell:Creating environment hook '/home/shanj/ros2_ws/install/my_first_package/share/my_first_package/hook/ament_prefix_path.ps1'
[0.962s] INFO:colcon.colcon_core.shell:Creating environment descriptor '/home/shanj/ros2_ws/install/my_first_package/share/my_first_package/hook/ament_prefix_path.dsv'
[0.963s] INFO:colcon.colcon_core.shell:Creating environment hook '/home/shanj/ros2_ws/install/my_first_package/share/my_first_package/hook/ament_prefix_path.sh'
[0.964s] INFO:colcon.colcon_core.shell:Skip shell extension 'powershell' for command environment: Not usable outside of PowerShell
[0.964s] DEBUG:colcon.colcon_core.shell:Skip shell extension 'dsv' for command environment
[0.969s] INFO:colcon.colcon_ros.task.ament_python.build:Building ROS package in '/home/shanj/ros2_ws/src/my_robot_controller' with build type 'ament_python'
[0.969s] Level 1:colcon.colcon_core.shell:create_environment_hook('my_robot_controller', 'ament_prefix_path')
[0.969s] INFO:colcon.colcon_core.shell:Creating environment hook '/home/shanj/ros2_ws/install/my_robot_controller/share/my_robot_controller/hook/ament_prefix_path.ps1'
[0.970s] INFO:colcon.colcon_core.shell:Creating environment descriptor '/home/shanj/ros2_ws/install/my_robot_controller/share/my_robot_controller/hook/ament_prefix_path.dsv'
[0.971s] INFO:colcon.colcon_core.shell:Creating environment hook '/home/shanj/ros2_ws/install/my_robot_controller/share/my_robot_controller/hook/ament_prefix_path.sh'
[0.972s] INFO:colcon.colcon_core.shell:Skip shell extension 'powershell' for command environment: Not usable outside of PowerShell
[0.972s] DEBUG:colcon.colcon_core.shell:Skip shell extension 'dsv' for command environment
[1.245s] INFO:colcon.colcon_core.task.python.build:Building Python package in '/home/shanj/ros2_ws/src/my_first_package'
[1.245s] INFO:colcon.colcon_core.shell:Skip shell extension 'powershell' for command environment: Not usable outside of PowerShell
[1.245s] DEBUG:colcon.colcon_core.shell:Skip shell extension 'dsv' for command environment
[1.504s] INFO:colcon.colcon_core.task.python.build:Building Python package in '/home/shanj/ros2_ws/src/my_robot_controller'
[1.504s] INFO:colcon.colcon_core.shell:Skip shell extension 'powershell' for command environment: Not usable outside of PowerShell
[1.504s] DEBUG:colcon.colcon_core.shell:Skip shell extension 'dsv' for command environment
[2.068s] DEBUG:colcon.colcon_core.task.python.build:While undoing a previous installation files outside the Python library path are being ignored: /home/shanj/ros2_ws/install/my_robot_controller/share/ament_index/resource_index/packages/my_robot_controller
[2.068s] DEBUG:colcon.colcon_core.task.python.build:While undoing a previous installation files outside the Python library path are being ignored: /home/shanj/ros2_ws/install/my_robot_controller/share/my_robot_controller/package.xml
[2.068s] DEBUG:colcon.colcon_core.task.python.build:While undoing a previous installation files outside the Python library path are being ignored: /home/shanj/ros2_ws/install/my_robot_controller/lib/my_robot_controller/test_node
[2.073s] DEBUG:colcon.colcon_core.event_handler.log_command:Invoking command in '/home/shanj/ros2_ws/build/my_robot_controller': PYTHONPATH=/home/shanj/ros2_ws/build/my_robot_controller/prefix_override:/usr/lib/python3/dist-packages/colcon_core/task/python/colcon_distutils_commands:/home/shanj/ros2_ws/install/my_robot_controller/lib/python3.10/site-packages:${PYTHONPATH} /usr/bin/python3 -W ignore:setup.py install is deprecated -W ignore:easy_install command is deprecated setup.py develop --editable --build-directory /home/shanj/ros2_ws/build/my_robot_controller/build --no-deps symlink_data --force
[2.077s] DEBUG:colcon.colcon_core.task.python.build:While undoing a previous installation files outside the Python library path are being ignored: /home/shanj/ros2_ws/install/my_first_package/share/ament_index/resource_index/packages/my_first_package
[2.077s] DEBUG:colcon.colcon_core.task.python.build:While undoing a previous installation files outside the Python library path are being ignored: /home/shanj/ros2_ws/install/my_first_package/share/my_first_package/package.xml
[2.083s] DEBUG:colcon.colcon_core.event_handler.log_command:Invoking command in '/home/shanj/ros2_ws/build/my_first_package': PYTHONPATH=/home/shanj/ros2_ws/build/my_first_package/prefix_override:/usr/lib/python3/dist-packages/colcon_core/task/python/colcon_distutils_commands:/home/shanj/ros2_ws/install/my_first_package/lib/python3.10/site-packages:${PYTHONPATH} /usr/bin/python3 -W ignore:setup.py install is deprecated -W ignore:easy_install command is deprecated setup.py develop --editable --build-directory /home/shanj/ros2_ws/build/my_first_package/build --no-deps symlink_data --force
[2.535s] Level 1:colcon.colcon_core.shell:create_environment_hook('my_first_package', 'pythonpath_develop')
[2.535s] DEBUG:colcon.colcon_core.event_handler.log_command:Invoked command in '/home/shanj/ros2_ws/build/my_first_package' returned '0': PYTHONPATH=/home/shanj/ros2_ws/build/my_first_package/prefix_override:/usr/lib/python3/dist-packages/colcon_core/task/python/colcon_distutils_commands:/home/shanj/ros2_ws/install/my_first_package/lib/python3.10/site-packages:${PYTHONPATH} /usr/bin/python3 -W ignore:setup.py install is deprecated -W ignore:easy_install command is deprecated setup.py develop --editable --build-directory /home/shanj/ros2_ws/build/my_first_package/build --no-deps symlink_data --force
[2.535s] INFO:colcon.colcon_core.shell:Creating environment hook '/home/shanj/ros2_ws/build/my_first_package/share/my_first_package/hook/pythonpath_develop.ps1'
[2.537s] INFO:colcon.colcon_core.shell:Creating environment descriptor '/home/shanj/ros2_ws/build/my_first_package/share/my_first_package/hook/pythonpath_develop.dsv'
[2.538s] INFO:colcon.colcon_core.shell:Creating environment hook '/home/shanj/ros2_ws/build/my_first_package/share/my_first_package/hook/pythonpath_develop.sh'
[2.547s] Level 1:colcon.colcon_core.environment:checking '/home/shanj/ros2_ws/install/my_first_package' for CMake module files
[2.547s] Level 1:colcon.colcon_core.environment:checking '/home/shanj/ros2_ws/install/my_first_package' for CMake config files
[2.549s] Level 1:colcon.colcon_core.environment:checking '/home/shanj/ros2_ws/install/my_first_package/lib'
[2.550s] Level 1:colcon.colcon_core.environment:checking '/home/shanj/ros2_ws/install/my_first_package/bin'
[2.550s] Level 1:colcon.colcon_core.environment:checking '/home/shanj/ros2_ws/install/my_first_package/lib/pkgconfig/my_first_package.pc'
[2.550s] Level 1:colcon.colcon_core.environment:checking '/home/shanj/ros2_ws/install/my_first_package/lib/python3.10/site-packages'
[2.550s] Level 1:colcon.colcon_core.shell:create_environment_hook('my_first_package', 'pythonpath')
[2.550s] INFO:colcon.colcon_core.shell:Creating environment hook '/home/shanj/ros2_ws/install/my_first_package/share/my_first_package/hook/pythonpath.ps1'
[2.551s] INFO:colcon.colcon_core.shell:Creating environment descriptor '/home/shanj/ros2_ws/install/my_first_package/share/my_first_package/hook/pythonpath.dsv'
[2.551s] INFO:colcon.colcon_core.shell:Creating environment hook '/home/shanj/ros2_ws/install/my_first_package/share/my_first_package/hook/pythonpath.sh'
[2.552s] Level 1:colcon.colcon_core.environment:checking '/home/shanj/ros2_ws/install/my_first_package/bin'
[2.552s] Level 1:colcon.colcon_core.environment:create_environment_scripts_only(my_first_package)
[2.552s] INFO:colcon.colcon_core.shell:Creating package script '/home/shanj/ros2_ws/install/my_first_package/share/my_first_package/package.ps1'
[2.553s] INFO:colcon.colcon_core.shell:Creating package descriptor '/home/shanj/ros2_ws/install/my_first_package/share/my_first_package/package.dsv'
[2.554s] INFO:colcon.colcon_core.shell:Creating package script '/home/shanj/ros2_ws/install/my_first_package/share/my_first_package/package.sh'
[2.555s] INFO:colcon.colcon_core.shell:Creating package script '/home/shanj/ros2_ws/install/my_first_package/share/my_first_package/package.bash'
[2.556s] INFO:colcon.colcon_core.shell:Creating package script '/home/shanj/ros2_ws/install/my_first_package/share/my_first_package/package.zsh'
[2.556s] Level 1:colcon.colcon_core.environment:create_file_with_runtime_dependencies(/home/shanj/ros2_ws/install/my_first_package/share/colcon-core/packages/my_first_package)
[2.558s] Level 1:colcon.colcon_core.shell:create_environment_hook('my_robot_controller', 'pythonpath_develop')
[2.559s] INFO:colcon.colcon_core.shell:Creating environment hook '/home/shanj/ros2_ws/build/my_robot_controller/share/my_robot_controller/hook/pythonpath_develop.ps1'
[2.559s] DEBUG:colcon.colcon_core.event_handler.log_command:Invoked command in '/home/shanj/ros2_ws/build/my_robot_controller' returned '0': PYTHONPATH=/home/shanj/ros2_ws/build/my_robot_controller/prefix_override:/usr/lib/python3/dist-packages/colcon_core/task/python/colcon_distutils_commands:/home/shanj/ros2_ws/install/my_robot_controller/lib/python3.10/site-packages:${PYTHONPATH} /usr/bin/python3 -W ignore:setup.py install is deprecated -W ignore:easy_install command is deprecated setup.py develop --editable --build-directory /home/shanj/ros2_ws/build/my_robot_controller/build --no-deps symlink_data --force
[2.560s] INFO:colcon.colcon_core.shell:Creating environment descriptor '/home/shanj/ros2_ws/build/my_robot_controller/share/my_robot_controller/hook/pythonpath_develop.dsv'
[2.561s] INFO:colcon.colcon_core.shell:Creating environment hook '/home/shanj/ros2_ws/build/my_robot_controller/share/my_robot_controller/hook/pythonpath_develop.sh'
[2.561s] Level 1:colcon.colcon_core.environment:checking '/home/shanj/ros2_ws/install/my_robot_controller' for CMake module files
[2.562s] Level 1:colcon.colcon_core.environment:checking '/home/shanj/ros2_ws/install/my_robot_controller' for CMake config files
[2.564s] Level 1:colcon.colcon_core.environment:checking '/home/shanj/ros2_ws/install/my_robot_controller/lib'
[2.564s] Level 1:colcon.colcon_core.environment:checking '/home/shanj/ros2_ws/install/my_robot_controller/bin'
[2.564s] Level 1:colcon.colcon_core.environment:checking '/home/shanj/ros2_ws/install/my_robot_controller/lib/pkgconfig/my_robot_controller.pc'
[2.564s] Level 1:colcon.colcon_core.environment:checking '/home/shanj/ros2_ws/install/my_robot_controller/lib/python3.10/site-packages'
[2.564s] Level 1:colcon.colcon_core.shell:create_environment_hook('my_robot_controller', 'pythonpath')
[2.565s] INFO:colcon.colcon_core.shell:Creating environment hook '/home/shanj/ros2_ws/install/my_robot_controller/share/my_robot_controller/hook/pythonpath.ps1'
[2.565s] INFO:colcon.colcon_core.shell:Creating environment descriptor '/home/shanj/ros2_ws/install/my_robot_controller/share/my_robot_controller/hook/pythonpath.dsv'
[2.565s] INFO:colcon.colcon_core.shell:Creating environment hook '/home/shanj/ros2_ws/install/my_robot_controller/share/my_robot_controller/hook/pythonpath.sh'
[2.566s] Level 1:colcon.colcon_core.environment:checking '/home/shanj/ros2_ws/install/my_robot_controller/bin'
[2.566s] Level 1:colcon.colcon_core.environment:create_environment_scripts_only(my_robot_controller)
[2.566s] INFO:colcon.colcon_core.shell:Creating package script '/home/shanj/ros2_ws/install/my_robot_controller/share/my_robot_controller/package.ps1'
[2.567s] INFO:colcon.colcon_core.shell:Creating package descriptor '/home/shanj/ros2_ws/install/my_robot_controller/share/my_robot_controller/package.dsv'
[2.567s] INFO:colcon.colcon_core.shell:Creating package script '/home/shanj/ros2_ws/install/my_robot_controller/share/my_robot_controller/package.sh'
[2.568s] INFO:colcon.colcon_core.shell:Creating package script '/home/shanj/ros2_ws/install/my_robot_controller/share/my_robot_controller/package.bash'
[2.569s] INFO:colcon.colcon_core.shell:Creating package script '/home/shanj/ros2_ws/install/my_robot_controller/share/my_robot_controller/package.zsh'
[2.569s] Level 1:colcon.colcon_core.environment:create_file_with_runtime_dependencies(/home/shanj/ros2_ws/install/my_robot_controller/share/colcon-core/packages/my_robot_controller)
[2.570s] DEBUG:colcon.colcon_parallel_executor.executor.parallel:closing loop
[2.570s] DEBUG:colcon.colcon_parallel_executor.executor.parallel:loop closed
[2.571s] DEBUG:colcon.colcon_parallel_executor.executor.parallel:run_until_complete finished with '0'
[2.571s] DEBUG:colcon.colcon_core.event_reactor:joining thread
[2.661s] INFO:colcon.colcon_core.plugin_system:Skipping extension 'colcon_notification.desktop_notification.notify_send': Could not find 'notify-send'
[2.662s] INFO:colcon.colcon_core.plugin_system:Skipping extension 'colcon_notification.desktop_notification.terminal_notifier': Not used on non-Darwin systems
[2.662s] INFO:colcon.colcon_core.plugin_system:Skipping extension 'colcon_notification.desktop_notification.win32': Not used on non-Windows systems
[2.662s] INFO:colcon.colcon_notification.desktop_notification:Sending desktop notification using 'notify2'
[2.662s] DEBUG:colcon.colcon_notification.desktop_notification.notify2:Failed to initialize notify2: org.freedesktop.DBus.Error.FileNotFound: Failed to connect to socket /run/user/1000/bus: No such file or directory
[2.662s] DEBUG:colcon.colcon_core.event_reactor:joined thread
[2.663s] INFO:colcon.colcon_core.shell:Creating prefix script '/home/shanj/ros2_ws/install/local_setup.ps1'
[2.664s] INFO:colcon.colcon_core.shell:Creating prefix util module '/home/shanj/ros2_ws/install/_local_setup_util_ps1.py'
[2.665s] INFO:colcon.colcon_core.shell:Creating prefix chain script '/home/shanj/ros2_ws/install/setup.ps1'
[2.666s] INFO:colcon.colcon_core.shell:Creating prefix script '/home/shanj/ros2_ws/install/local_setup.sh'
[2.667s] INFO:colcon.colcon_core.shell:Creating prefix util module '/home/shanj/ros2_ws/install/_local_setup_util_sh.py'
[2.668s] INFO:colcon.colcon_core.shell:Creating prefix chain script '/home/shanj/ros2_ws/install/setup.sh'
[2.669s] INFO:colcon.colcon_core.shell:Creating prefix script '/home/shanj/ros2_ws/install/local_setup.bash'
[2.670s] INFO:colcon.colcon_core.shell:Creating prefix chain script '/home/shanj/ros2_ws/install/setup.bash'
[2.671s] INFO:colcon.colcon_core.shell:Creating prefix script '/home/shanj/ros2_ws/install/local_setup.zsh'
[2.672s] INFO:colcon.colcon_core.shell:Creating prefix chain script '/home/shanj/ros2_ws/install/setup.zsh'
