[1.013s] Invoking command in '/home/shanj/ros2_ws/src/my_robot_controller': PYTHONPATH=/home/shanj/ros2_ws/src/build/my_robot_controller/prefix_override:/usr/lib/python3/dist-packages/colcon_core/task/python/colcon_distutils_commands:/home/shanj/ros2_ws/src/install/my_robot_controller/lib/python3.10/site-packages:${PYTHONPATH} /usr/bin/python3 -W ignore:setup.py install is deprecated -W ignore:easy_install command is deprecated setup.py egg_info --egg-base ../build/my_robot_controller build --build-base /home/shanj/ros2_ws/src/build/my_robot_controller/build install --record /home/shanj/ros2_ws/src/build/my_robot_controller/install.log --single-version-externally-managed install_data
[1.359s] running egg_info
[1.360s] creating ../build/my_robot_controller/my_robot_controller.egg-info
[1.361s] writing ../build/my_robot_controller/my_robot_controller.egg-info/PKG-INFO
[1.361s] writing dependency_links to ../build/my_robot_controller/my_robot_controller.egg-info/dependency_links.txt
[1.362s] writing entry points to ../build/my_robot_controller/my_robot_controller.egg-info/entry_points.txt
[1.362s] writing requirements to ../build/my_robot_controller/my_robot_controller.egg-info/requires.txt
[1.362s] writing top-level names to ../build/my_robot_controller/my_robot_controller.egg-info/top_level.txt
[1.363s] writing manifest file '../build/my_robot_controller/my_robot_controller.egg-info/SOURCES.txt'
[1.365s] reading manifest file '../build/my_robot_controller/my_robot_controller.egg-info/SOURCES.txt'
[1.367s] writing manifest file '../build/my_robot_controller/my_robot_controller.egg-info/SOURCES.txt'
[1.367s] running build
[1.367s] running build_py
[1.367s] creating /home/shanj/ros2_ws/src/build/my_robot_controller/build
[1.368s] creating /home/shanj/ros2_ws/src/build/my_robot_controller/build/lib
[1.369s] creating /home/shanj/ros2_ws/src/build/my_robot_controller/build/lib/my_robot_controller
[1.369s] copying my_robot_controller/draw_circle.py -> /home/shanj/ros2_ws/src/build/my_robot_controller/build/lib/my_robot_controller
[1.369s] copying my_robot_controller/my_first_node.py -> /home/shanj/ros2_ws/src/build/my_robot_controller/build/lib/my_robot_controller
[1.370s] copying my_robot_controller/__init__.py -> /home/shanj/ros2_ws/src/build/my_robot_controller/build/lib/my_robot_controller
[1.370s] running install
[1.370s] running install_lib
[1.372s] creating /home/shanj/ros2_ws/src/install/my_robot_controller/lib/python3.10/site-packages/my_robot_controller
[1.372s] copying /home/shanj/ros2_ws/src/build/my_robot_controller/build/lib/my_robot_controller/draw_circle.py -> /home/shanj/ros2_ws/src/install/my_robot_controller/lib/python3.10/site-packages/my_robot_controller
[1.373s] copying /home/shanj/ros2_ws/src/build/my_robot_controller/build/lib/my_robot_controller/my_first_node.py -> /home/shanj/ros2_ws/src/install/my_robot_controller/lib/python3.10/site-packages/my_robot_controller
[1.373s] copying /home/shanj/ros2_ws/src/build/my_robot_controller/build/lib/my_robot_controller/__init__.py -> /home/shanj/ros2_ws/src/install/my_robot_controller/lib/python3.10/site-packages/my_robot_controller
[1.374s] byte-compiling /home/shanj/ros2_ws/src/install/my_robot_controller/lib/python3.10/site-packages/my_robot_controller/draw_circle.py to draw_circle.cpython-310.pyc
[1.375s] byte-compiling /home/shanj/ros2_ws/src/install/my_robot_controller/lib/python3.10/site-packages/my_robot_controller/my_first_node.py to my_first_node.cpython-310.pyc
[1.376s] byte-compiling /home/shanj/ros2_ws/src/install/my_robot_controller/lib/python3.10/site-packages/my_robot_controller/__init__.py to __init__.cpython-310.pyc
[1.376s] running install_data
[1.376s] creating /home/shanj/ros2_ws/src/install/my_robot_controller/share/ament_index
[1.377s] creating /home/shanj/ros2_ws/src/install/my_robot_controller/share/ament_index/resource_index
[1.377s] creating /home/shanj/ros2_ws/src/install/my_robot_controller/share/ament_index/resource_index/packages
[1.378s] copying resource/my_robot_controller -> /home/shanj/ros2_ws/src/install/my_robot_controller/share/ament_index/resource_index/packages
[1.379s] copying package.xml -> /home/shanj/ros2_ws/src/install/my_robot_controller/share/my_robot_controller
[1.379s] running install_egg_info
[1.383s] Copying ../build/my_robot_controller/my_robot_controller.egg-info to /home/shanj/ros2_ws/src/install/my_robot_controller/lib/python3.10/site-packages/my_robot_controller-0.0.0-py3.10.egg-info
[1.385s] running install_scripts
[1.411s] Installing draw_circle script to /home/shanj/ros2_ws/src/install/my_robot_controller/lib/my_robot_controller
[1.412s] Installing test_node script to /home/shanj/ros2_ws/src/install/my_robot_controller/lib/my_robot_controller
[1.413s] writing list of installed files to '/home/shanj/ros2_ws/src/build/my_robot_controller/install.log'
[1.456s] Invoked command in '/home/shanj/ros2_ws/src/my_robot_controller' returned '0': PYTHONPATH=/home/shanj/ros2_ws/src/build/my_robot_controller/prefix_override:/usr/lib/python3/dist-packages/colcon_core/task/python/colcon_distutils_commands:/home/shanj/ros2_ws/src/install/my_robot_controller/lib/python3.10/site-packages:${PYTHONPATH} /usr/bin/python3 -W ignore:setup.py install is deprecated -W ignore:easy_install command is deprecated setup.py egg_info --egg-base ../build/my_robot_controller build --build-base /home/shanj/ros2_ws/src/build/my_robot_controller/build install --record /home/shanj/ros2_ws/src/build/my_robot_controller/install.log --single-version-externally-managed install_data
