[1.398s] Invoking command in '/home/shanj/ros2_ws/src/my_first_package': PYTHONPATH=/home/shanj/ros2_ws/build/my_first_package/prefix_override:/usr/lib/python3/dist-packages/colcon_core/task/python/colcon_distutils_commands:/home/shanj/ros2_ws/install/my_first_package/lib/python3.10/site-packages:${PYTHONPATH} /usr/bin/python3 -W ignore:setup.py install is deprecated -W ignore:easy_install command is deprecated setup.py egg_info --egg-base ../../build/my_first_package build --build-base /home/shanj/ros2_ws/build/my_first_package/build install --record /home/shanj/ros2_ws/build/my_first_package/install.log --single-version-externally-managed install_data
[1.654s] running egg_info
[1.655s] creating ../../build/my_first_package/my_first_package.egg-info
[1.656s] writing ../../build/my_first_package/my_first_package.egg-info/PKG-INFO
[1.657s] writing dependency_links to ../../build/my_first_package/my_first_package.egg-info/dependency_links.txt
[1.657s] writing entry points to ../../build/my_first_package/my_first_package.egg-info/entry_points.txt
[1.657s] writing requirements to ../../build/my_first_package/my_first_package.egg-info/requires.txt
[1.657s] writing top-level names to ../../build/my_first_package/my_first_package.egg-info/top_level.txt
[1.657s] writing manifest file '../../build/my_first_package/my_first_package.egg-info/SOURCES.txt'
[1.659s] reading manifest file '../../build/my_first_package/my_first_package.egg-info/SOURCES.txt'
[1.660s] writing manifest file '../../build/my_first_package/my_first_package.egg-info/SOURCES.txt'
[1.661s] running build
[1.662s] running build_py
[1.662s] creating /home/shanj/ros2_ws/build/my_first_package/build
[1.662s] creating /home/shanj/ros2_ws/build/my_first_package/build/lib
[1.663s] creating /home/shanj/ros2_ws/build/my_first_package/build/lib/my_first_package
[1.663s] copying my_first_package/__init__.py -> /home/shanj/ros2_ws/build/my_first_package/build/lib/my_first_package
[1.664s] running install
[1.664s] running install_lib
[1.664s] creating /home/shanj/ros2_ws/install/my_first_package/lib/python3.10/site-packages/my_first_package
[1.665s] copying /home/shanj/ros2_ws/build/my_first_package/build/lib/my_first_package/__init__.py -> /home/shanj/ros2_ws/install/my_first_package/lib/python3.10/site-packages/my_first_package
[1.666s] byte-compiling /home/shanj/ros2_ws/install/my_first_package/lib/python3.10/site-packages/my_first_package/__init__.py to __init__.cpython-310.pyc
[1.666s] running install_data
[1.666s] creating /home/shanj/ros2_ws/install/my_first_package/share/ament_index
[1.667s] creating /home/shanj/ros2_ws/install/my_first_package/share/ament_index/resource_index
[1.667s] creating /home/shanj/ros2_ws/install/my_first_package/share/ament_index/resource_index/packages
[1.667s] copying resource/my_first_package -> /home/shanj/ros2_ws/install/my_first_package/share/ament_index/resource_index/packages
[1.668s] copying package.xml -> /home/shanj/ros2_ws/install/my_first_package/share/my_first_package
[1.668s] running install_egg_info
[1.670s] Copying ../../build/my_first_package/my_first_package.egg-info to /home/shanj/ros2_ws/install/my_first_package/lib/python3.10/site-packages/my_first_package-0.0.0-py3.10.egg-info
[1.672s] running install_scripts
[1.694s] writing list of installed files to '/home/shanj/ros2_ws/build/my_first_package/install.log'
[1.750s] Invoked command in '/home/shanj/ros2_ws/src/my_first_package' returned '0': PYTHONPATH=/home/shanj/ros2_ws/build/my_first_package/prefix_override:/usr/lib/python3/dist-packages/colcon_core/task/python/colcon_distutils_commands:/home/shanj/ros2_ws/install/my_first_package/lib/python3.10/site-packages:${PYTHONPATH} /usr/bin/python3 -W ignore:setup.py install is deprecated -W ignore:easy_install command is deprecated setup.py egg_info --egg-base ../../build/my_first_package build --build-base /home/shanj/ros2_ws/build/my_first_package/build install --record /home/shanj/ros2_ws/build/my_first_package/install.log --single-version-externally-managed install_data
