[2.334s] Invoking command in '/home/shanj/ros2_ws/src/my_first_package': PYTHONPATH=/home/shanj/ros2_ws/build/my_first_package/prefix_override:/usr/lib/python3/dist-packages/colcon_core/task/python/colcon_distutils_commands:/home/shanj/ros2_ws/install/my_first_package/lib/python3.10/site-packages:${PYTHONPATH} /usr/bin/python3 -W ignore:setup.py install is deprecated -W ignore:easy_install command is deprecated setup.py egg_info --egg-base ../../build/my_first_package build --build-base /home/shanj/ros2_ws/build/my_first_package/build install --record /home/shanj/ros2_ws/build/my_first_package/install.log --single-version-externally-managed install_data
[3.004s] running egg_info
[3.006s] writing ../../build/my_first_package/my_first_package.egg-info/PKG-INFO
[3.009s] writing dependency_links to ../../build/my_first_package/my_first_package.egg-info/dependency_links.txt
[3.009s] writing entry points to ../../build/my_first_package/my_first_package.egg-info/entry_points.txt
[3.010s] writing requirements to ../../build/my_first_package/my_first_package.egg-info/requires.txt
[3.010s] writing top-level names to ../../build/my_first_package/my_first_package.egg-info/top_level.txt
[3.015s] reading manifest file '../../build/my_first_package/my_first_package.egg-info/SOURCES.txt'
[3.018s] writing manifest file '../../build/my_first_package/my_first_package.egg-info/SOURCES.txt'
[3.020s] running build
[3.020s] running build_py
[3.024s] running install
[3.024s] running install_lib
[3.028s] running install_data
[3.029s] running install_egg_info
[3.034s] removing '/home/shanj/ros2_ws/install/my_first_package/lib/python3.10/site-packages/my_first_package-0.0.0-py3.10.egg-info' (and everything under it)
[3.036s] Copying ../../build/my_first_package/my_first_package.egg-info to /home/shanj/ros2_ws/install/my_first_package/lib/python3.10/site-packages/my_first_package-0.0.0-py3.10.egg-info
[3.042s] running install_scripts
[3.092s] writing list of installed files to '/home/shanj/ros2_ws/build/my_first_package/install.log'
[3.155s] Invoked command in '/home/shanj/ros2_ws/src/my_first_package' returned '0': PYTHONPATH=/home/shanj/ros2_ws/build/my_first_package/prefix_override:/usr/lib/python3/dist-packages/colcon_core/task/python/colcon_distutils_commands:/home/shanj/ros2_ws/install/my_first_package/lib/python3.10/site-packages:${PYTHONPATH} /usr/bin/python3 -W ignore:setup.py install is deprecated -W ignore:easy_install command is deprecated setup.py egg_info --egg-base ../../build/my_first_package build --build-base /home/shanj/ros2_ws/build/my_first_package/build install --record /home/shanj/ros2_ws/build/my_first_package/install.log --single-version-externally-managed install_data
